<?xml version="1.0" encoding="UTF-8"?>
<!-- Generated by org.testng.reporters.JUnitXMLReporter -->
<testsuite hostname="NXL75620" ignored="0" name="Test" tests="36" failures="4" timestamp="04 九月 2018 07:30:55 GMT" time="621.381" errors="0">
  <testcase name="testLogin" time="17.34" classname="com.nxp.EdgeScale.testcase.Login"/>
  <testcase name="testLoginFail" time="2.266" classname="com.nxp.EdgeScale.testcase.Login"/>
  <testcase name="testRegisterWithExistEmail" time="6.628" classname="com.nxp.EdgeScale.testcase.Register"/>
  <testcase name="testCreateDevice" time="10.988" classname="com.nxp.EdgeScale.testcase.CreateDevice"/>
  <testcase name="testAddTagToDevice" time="4.492" classname="com.nxp.EdgeScale.testcase.Device"/>
  <testcase name="testCreateDevice" time="20.048" classname="com.nxp.EdgeScale.testcase.CreateApp"/>
  <testcase name="testAppAddDocker" time="21.287" classname="com.nxp.EdgeScale.testcase.App"/>
  <testcase name="testAppMutipleDeploy" time="22.968" classname="com.nxp.EdgeScale.testcase.App"/>
  <testcase name="testChangeAppPermission" time="16.673" classname="com.nxp.EdgeScale.testcase.App"/>
  <testcase name="testDeleteApp" time="6.199" classname="com.nxp.EdgeScale.testcase.App"/>
  <testcase name="testDeployApp" time="11.198" classname="com.nxp.EdgeScale.testcase.App"/>
  <testcase name="testDeployPublicApp" time="6.896" classname="com.nxp.EdgeScale.testcase.App"/>
  <testcase name="testEditAppInfo" time="17.152" classname="com.nxp.EdgeScale.testcase.App"/>
  <testcase name="testUpdateAppDocument" time="7.7" classname="com.nxp.EdgeScale.testcase.App"/>
  <testcase name="testCreateSolution" time="20.745" classname="com.nxp.EdgeScale.testcase.CreateSolution">
    <failure type="org.openqa.selenium.NoSuchElementException" message="no such element: Unable to locate element: {&amp;quot;method&amp;quot;:&amp;quot;xpath&amp;quot;,&amp;quot;selector&amp;quot;:&amp;quot;//*[@id=&amp;quot;app&amp;quot;]/div/div[2]/div/div[2]/div[2]/div[1]/div/div/div[2]/form/div[2]/div/button[3]/span&amp;quot;}
  (Session info: chrome=68.0.3440.106)
  (Driver info: chromedriver=2.40.565498 (ea082db3280dd6843ebfb08a625e3eb905c4f5ab),platform=Windows NT 10.0.15063 x86_64) (WARNING: The server did not provide any stacktrace information)
Command duration or timeout: 10.08 seconds
For documentation on this error, please visit: http://seleniumhq.org/exceptions/no_such_element.html
Build info: version: &amp;apos;3.1.0&amp;apos;, revision: &amp;apos;b94c902&amp;apos;, time: &amp;apos;2017-02-16 12:21:31 -0800&amp;apos;
System info: host: &amp;apos;NXL75620&amp;apos;, ip: &amp;apos;192.168.0.150&amp;apos;, os.name: &amp;apos;Windows 10&amp;apos;, os.arch: &amp;apos;amd64&amp;apos;, os.version: &amp;apos;10.0&amp;apos;, java.version: &amp;apos;1.8.0_181&amp;apos;
Driver info: org.openqa.selenium.chrome.ChromeDriver
Capabilities [{applicationCacheEnabled=false, rotatable=false, mobileEmulationEnabled=false, networkConnectionEnabled=false, chrome={chromedriverVersion=2.40.565498 (ea082db3280dd6843ebfb08a625e3eb905c4f5ab), userDataDir=C:\Users\nxf46859\AppData\Local\Temp\1\scoped_dir5552_17098}, takesHeapSnapshot=true, pageLoadStrategy=normal, databaseEnabled=false, handlesAlerts=true, hasTouchScreen=false, version=68.0.3440.106, platform=XP, browserConnectionEnabled=false, nativeEvents=true, acceptSslCerts=false, acceptInsecureCerts=false, locationContextEnabled=true, webStorageEnabled=true, browserName=chrome, takesScreenshot=true, javascriptEnabled=true, cssSelectorsEnabled=true, setWindowRect=true, unexpectedAlertBehaviour=}]
Session ID: ff25db1d7cb78d96145b58f9621e15de
*** Element info: {Using=xpath, value=//*[@id=&amp;quot;app&amp;quot;]/div/div[2]/div/div[2]/div[2]/div[1]/div/div/div[2]/form/div[2]/div/button[3]/span}">
      <![CDATA[org.openqa.selenium.NoSuchElementException: no such element: Unable to locate element: {"method":"xpath","selector":"//*[@id="app"]/div/div[2]/div/div[2]/div[2]/div[1]/div/div/div[2]/form/div[2]/div/button[3]/span"}
  (Session info: chrome=68.0.3440.106)
  (Driver info: chromedriver=2.40.565498 (ea082db3280dd6843ebfb08a625e3eb905c4f5ab),platform=Windows NT 10.0.15063 x86_64) (WARNING: The server did not provide any stacktrace information)
Command duration or timeout: 10.08 seconds
For documentation on this error, please visit: http://seleniumhq.org/exceptions/no_such_element.html
Build info: version: '3.1.0', revision: 'b94c902', time: '2017-02-16 12:21:31 -0800'
System info: host: 'NXL75620', ip: '192.168.0.150', os.name: 'Windows 10', os.arch: 'amd64', os.version: '10.0', java.version: '1.8.0_181'
Driver info: org.openqa.selenium.chrome.ChromeDriver
Capabilities [{applicationCacheEnabled=false, rotatable=false, mobileEmulationEnabled=false, networkConnectionEnabled=false, chrome={chromedriverVersion=2.40.565498 (ea082db3280dd6843ebfb08a625e3eb905c4f5ab), userDataDir=C:\Users\nxf46859\AppData\Local\Temp\1\scoped_dir5552_17098}, takesHeapSnapshot=true, pageLoadStrategy=normal, databaseEnabled=false, handlesAlerts=true, hasTouchScreen=false, version=68.0.3440.106, platform=XP, browserConnectionEnabled=false, nativeEvents=true, acceptSslCerts=false, acceptInsecureCerts=false, locationContextEnabled=true, webStorageEnabled=true, browserName=chrome, takesScreenshot=true, javascriptEnabled=true, cssSelectorsEnabled=true, setWindowRect=true, unexpectedAlertBehaviour=}]
Session ID: ff25db1d7cb78d96145b58f9621e15de
*** Element info: {Using=xpath, value=//*[@id="app"]/div/div[2]/div/div[2]/div[2]/div[1]/div/div/div[2]/form/div[2]/div/button[3]/span}
	at org.openqa.selenium.remote.ErrorHandler.createThrowable(ErrorHandler.java:216)
	at org.openqa.selenium.remote.ErrorHandler.throwIfResponseFailed(ErrorHandler.java:168)
	at org.openqa.selenium.remote.RemoteWebDriver.execute(RemoteWebDriver.java:635)
	at org.openqa.selenium.remote.RemoteWebDriver.findElement(RemoteWebDriver.java:368)
	at org.openqa.selenium.remote.RemoteWebDriver.findElementByXPath(RemoteWebDriver.java:473)
	at org.openqa.selenium.By$ByXPath.findElement(By.java:361)
	at org.openqa.selenium.remote.RemoteWebDriver.findElement(RemoteWebDriver.java:360)
	at com.nxp.EdgeScale.base.DriverBase.findElement(DriverBase.java:42)
	at com.nxp.EdgeScale.base.BasePage.element(BasePage.java:23)
	at com.nxp.EdgeScale.page.CreateSolutionPage.getNext2Button(CreateSolutionPage.java:48)
	at com.nxp.EdgeScale.handle.CreateSolutionPageHandle.clickNext2Button(CreateSolutionPageHandle.java:42)
	at com.nxp.EdgeScale.business.CreateSolutionPagePro.createSolution(CreateSolutionPagePro.java:54)
	at com.nxp.EdgeScale.testcase.CreateSolution.testCreateSolution(CreateSolution.java:48)
... Removed 29 stack frames]]>
    </failure>
  </testcase> <!-- testCreateSolution -->
  <testcase name="testAddTag" time="1.956" classname="com.nxp.EdgeScale.testcase.Solution"/>
  <testcase name="testDeleteSolution" time="4.213" classname="com.nxp.EdgeScale.testcase.Solution"/>
  <testcase name="testDeleteTag" time="10.072" classname="com.nxp.EdgeScale.testcase.Solution">
    <failure type="org.openqa.selenium.NoSuchElementException" message="no such element: Unable to locate element: {&amp;quot;method&amp;quot;:&amp;quot;xpath&amp;quot;,&amp;quot;selector&amp;quot;:&amp;quot;//*[@id=&amp;quot;app&amp;quot;]/div/div[2]/div/div[2]/div[2]/div[1]/div/div/div/div[2]/div/div[2]/div/div[1]/div/div[1]/div/div[3]/div/div[2]/span/span[1]/span/i&amp;quot;}
  (Session info: chrome=68.0.3440.106)
  (Driver info: chromedriver=2.40.565498 (ea082db3280dd6843ebfb08a625e3eb905c4f5ab),platform=Windows NT 10.0.15063 x86_64) (WARNING: The server did not provide any stacktrace information)
Command duration or timeout: 10.07 seconds
For documentation on this error, please visit: http://seleniumhq.org/exceptions/no_such_element.html
Build info: version: &amp;apos;3.1.0&amp;apos;, revision: &amp;apos;b94c902&amp;apos;, time: &amp;apos;2017-02-16 12:21:31 -0800&amp;apos;
System info: host: &amp;apos;NXL75620&amp;apos;, ip: &amp;apos;192.168.0.150&amp;apos;, os.name: &amp;apos;Windows 10&amp;apos;, os.arch: &amp;apos;amd64&amp;apos;, os.version: &amp;apos;10.0&amp;apos;, java.version: &amp;apos;1.8.0_181&amp;apos;
Driver info: org.openqa.selenium.chrome.ChromeDriver
Capabilities [{applicationCacheEnabled=false, rotatable=false, mobileEmulationEnabled=false, networkConnectionEnabled=false, chrome={chromedriverVersion=2.40.565498 (ea082db3280dd6843ebfb08a625e3eb905c4f5ab), userDataDir=C:\Users\nxf46859\AppData\Local\Temp\1\scoped_dir13996_25676}, takesHeapSnapshot=true, pageLoadStrategy=normal, databaseEnabled=false, handlesAlerts=true, hasTouchScreen=false, version=68.0.3440.106, platform=XP, browserConnectionEnabled=false, nativeEvents=true, acceptSslCerts=false, acceptInsecureCerts=false, locationContextEnabled=true, webStorageEnabled=true, browserName=chrome, takesScreenshot=true, javascriptEnabled=true, cssSelectorsEnabled=true, setWindowRect=true, unexpectedAlertBehaviour=}]
Session ID: 58404d144df0a90e3e60c8125e0238fd
*** Element info: {Using=xpath, value=//*[@id=&amp;quot;app&amp;quot;]/div/div[2]/div/div[2]/div[2]/div[1]/div/div/div/div[2]/div/div[2]/div/div[1]/div/div[1]/div/div[3]/div/div[2]/span/span[1]/span/i}">
      <![CDATA[org.openqa.selenium.NoSuchElementException: no such element: Unable to locate element: {"method":"xpath","selector":"//*[@id="app"]/div/div[2]/div/div[2]/div[2]/div[1]/div/div/div/div[2]/div/div[2]/div/div[1]/div/div[1]/div/div[3]/div/div[2]/span/span[1]/span/i"}
  (Session info: chrome=68.0.3440.106)
  (Driver info: chromedriver=2.40.565498 (ea082db3280dd6843ebfb08a625e3eb905c4f5ab),platform=Windows NT 10.0.15063 x86_64) (WARNING: The server did not provide any stacktrace information)
Command duration or timeout: 10.07 seconds
For documentation on this error, please visit: http://seleniumhq.org/exceptions/no_such_element.html
Build info: version: '3.1.0', revision: 'b94c902', time: '2017-02-16 12:21:31 -0800'
System info: host: 'NXL75620', ip: '192.168.0.150', os.name: 'Windows 10', os.arch: 'amd64', os.version: '10.0', java.version: '1.8.0_181'
Driver info: org.openqa.selenium.chrome.ChromeDriver
Capabilities [{applicationCacheEnabled=false, rotatable=false, mobileEmulationEnabled=false, networkConnectionEnabled=false, chrome={chromedriverVersion=2.40.565498 (ea082db3280dd6843ebfb08a625e3eb905c4f5ab), userDataDir=C:\Users\nxf46859\AppData\Local\Temp\1\scoped_dir13996_25676}, takesHeapSnapshot=true, pageLoadStrategy=normal, databaseEnabled=false, handlesAlerts=true, hasTouchScreen=false, version=68.0.3440.106, platform=XP, browserConnectionEnabled=false, nativeEvents=true, acceptSslCerts=false, acceptInsecureCerts=false, locationContextEnabled=true, webStorageEnabled=true, browserName=chrome, takesScreenshot=true, javascriptEnabled=true, cssSelectorsEnabled=true, setWindowRect=true, unexpectedAlertBehaviour=}]
Session ID: 58404d144df0a90e3e60c8125e0238fd
*** Element info: {Using=xpath, value=//*[@id="app"]/div/div[2]/div/div[2]/div[2]/div[1]/div/div/div/div[2]/div/div[2]/div/div[1]/div/div[1]/div/div[3]/div/div[2]/span/span[1]/span/i}
	at org.openqa.selenium.remote.ErrorHandler.createThrowable(ErrorHandler.java:216)
	at org.openqa.selenium.remote.ErrorHandler.throwIfResponseFailed(ErrorHandler.java:168)
	at org.openqa.selenium.remote.RemoteWebDriver.execute(RemoteWebDriver.java:635)
	at org.openqa.selenium.remote.RemoteWebDriver.findElement(RemoteWebDriver.java:368)
	at org.openqa.selenium.remote.RemoteWebDriver.findElementByXPath(RemoteWebDriver.java:473)
	at org.openqa.selenium.By$ByXPath.findElement(By.java:361)
	at org.openqa.selenium.remote.RemoteWebDriver.findElement(RemoteWebDriver.java:360)
	at com.nxp.EdgeScale.base.DriverBase.findElement(DriverBase.java:42)
	at com.nxp.EdgeScale.base.BasePage.element(BasePage.java:23)
	at com.nxp.EdgeScale.page.SolutionPage.getDeleteTagButton(SolutionPage.java:42)
	at com.nxp.EdgeScale.handle.SolutionPageHandle.clickDeleteTagButton(SolutionPageHandle.java:41)
	at com.nxp.EdgeScale.business.SolutionPagePro.deleteTag(SolutionPagePro.java:40)
	at com.nxp.EdgeScale.testcase.Solution.testDeleteTag(Solution.java:60)
... Removed 29 stack frames]]>
    </failure>
  </testcase> <!-- testDeleteTag -->
  <testcase name="testDeploySolution" time="17.318" classname="com.nxp.EdgeScale.testcase.Solution"/>
  <testcase name="testDownImage" time="4.64" classname="com.nxp.EdgeScale.testcase.Solution"/>
  <testcase name="testEditSolution" time="4.212" classname="com.nxp.EdgeScale.testcase.Solution"/>
  <testcase name="testCreateModel" time="14.968" classname="com.nxp.EdgeScale.testcase.CreateModel"/>
  <testcase name="testEditModel" time="4.561" classname="com.nxp.EdgeScale.testcase.Model"/>
  <testcase name="testFindModelsByModel" time="3.513" classname="com.nxp.EdgeScale.testcase.Model"/>
  <testcase name="testFindModelsByPlatform" time="3.535" classname="com.nxp.EdgeScale.testcase.Model"/>
  <testcase name="testFindModelsByType" time="3.54" classname="com.nxp.EdgeScale.testcase.Model"/>
  <testcase name="testFindModelsByVendor" time="3.42" classname="com.nxp.EdgeScale.testcase.Model"/>
  <testcase name="testCreateVendor" time="4.746" classname="com.nxp.EdgeScale.testcase.Vendor"/>
  <testcase name="testDeleteTagFromDevice" time="0.127" classname="com.nxp.EdgeScale.testcase.Device">
    <failure type="org.openqa.selenium.ElementNotVisibleException" message="element not visible
  (Session info: chrome=68.0.3440.106)
  (Driver info: chromedriver=2.40.565498 (ea082db3280dd6843ebfb08a625e3eb905c4f5ab),platform=Windows NT 10.0.15063 x86_64) (WARNING: The server did not provide any stacktrace information)
Command duration or timeout: 47 milliseconds
Build info: version: &amp;apos;3.1.0&amp;apos;, revision: &amp;apos;b94c902&amp;apos;, time: &amp;apos;2017-02-16 12:21:31 -0800&amp;apos;
System info: host: &amp;apos;NXL75620&amp;apos;, ip: &amp;apos;192.168.0.150&amp;apos;, os.name: &amp;apos;Windows 10&amp;apos;, os.arch: &amp;apos;amd64&amp;apos;, os.version: &amp;apos;10.0&amp;apos;, java.version: &amp;apos;1.8.0_181&amp;apos;
Driver info: org.openqa.selenium.chrome.ChromeDriver
Capabilities [{applicationCacheEnabled=false, rotatable=false, mobileEmulationEnabled=false, networkConnectionEnabled=false, chrome={chromedriverVersion=2.40.565498 (ea082db3280dd6843ebfb08a625e3eb905c4f5ab), userDataDir=C:\Users\nxf46859\AppData\Local\Temp\1\scoped_dir14196_10500}, takesHeapSnapshot=true, pageLoadStrategy=normal, databaseEnabled=false, handlesAlerts=true, hasTouchScreen=false, version=68.0.3440.106, platform=XP, browserConnectionEnabled=false, nativeEvents=true, acceptSslCerts=false, acceptInsecureCerts=false, locationContextEnabled=true, webStorageEnabled=true, browserName=chrome, takesScreenshot=true, javascriptEnabled=true, cssSelectorsEnabled=true, setWindowRect=true, unexpectedAlertBehaviour=}]
Session ID: dbeaed3b9536668671199279f450ecb7">
      <![CDATA[org.openqa.selenium.ElementNotVisibleException: element not visible
  (Session info: chrome=68.0.3440.106)
  (Driver info: chromedriver=2.40.565498 (ea082db3280dd6843ebfb08a625e3eb905c4f5ab),platform=Windows NT 10.0.15063 x86_64) (WARNING: The server did not provide any stacktrace information)
Command duration or timeout: 47 milliseconds
Build info: version: '3.1.0', revision: 'b94c902', time: '2017-02-16 12:21:31 -0800'
System info: host: 'NXL75620', ip: '192.168.0.150', os.name: 'Windows 10', os.arch: 'amd64', os.version: '10.0', java.version: '1.8.0_181'
Driver info: org.openqa.selenium.chrome.ChromeDriver
Capabilities [{applicationCacheEnabled=false, rotatable=false, mobileEmulationEnabled=false, networkConnectionEnabled=false, chrome={chromedriverVersion=2.40.565498 (ea082db3280dd6843ebfb08a625e3eb905c4f5ab), userDataDir=C:\Users\nxf46859\AppData\Local\Temp\1\scoped_dir14196_10500}, takesHeapSnapshot=true, pageLoadStrategy=normal, databaseEnabled=false, handlesAlerts=true, hasTouchScreen=false, version=68.0.3440.106, platform=XP, browserConnectionEnabled=false, nativeEvents=true, acceptSslCerts=false, acceptInsecureCerts=false, locationContextEnabled=true, webStorageEnabled=true, browserName=chrome, takesScreenshot=true, javascriptEnabled=true, cssSelectorsEnabled=true, setWindowRect=true, unexpectedAlertBehaviour=}]
Session ID: dbeaed3b9536668671199279f450ecb7
	at org.openqa.selenium.remote.ErrorHandler.createThrowable(ErrorHandler.java:216)
	at org.openqa.selenium.remote.ErrorHandler.throwIfResponseFailed(ErrorHandler.java:168)
	at org.openqa.selenium.remote.RemoteWebDriver.execute(RemoteWebDriver.java:635)
	at org.openqa.selenium.remote.RemoteWebElement.execute(RemoteWebElement.java:274)
	at org.openqa.selenium.remote.RemoteWebElement.click(RemoteWebElement.java:84)
	at com.nxp.EdgeScale.base.BasePage.click(BasePage.java:62)
	at com.nxp.EdgeScale.handle.DevicePageHandle.clickDeviceDeleteTagButton(DevicePageHandle.java:117)
	at com.nxp.EdgeScale.business.DevicePagePro.deleteTag(DevicePagePro.java:130)
	at com.nxp.EdgeScale.testcase.Device.testDeleteTagFromDevice(Device.java:66)
... Removed 29 stack frames]]>
    </failure>
  </testcase> <!-- testDeleteTagFromDevice -->
  <testcase name="testDeleteModel" time="4.042" classname="com.nxp.EdgeScale.testcase.Model"/>
  <testcase name="testEditVendor" time="4.146" classname="com.nxp.EdgeScale.testcase.Vendor"/>
  <testcase name="testInactiveDevice" time="27.16" classname="com.nxp.EdgeScale.testcase.Device">
    <failure type="org.openqa.selenium.TimeoutException" message="Expected condition failed: waiting for presence of element located by: By.className: el-message__content (tried for 20 second(s) with 500 MILLISECONDS interval)">
      <![CDATA[org.openqa.selenium.TimeoutException: Expected condition failed: waiting for presence of element located by: By.className: el-message__content (tried for 20 second(s) with 500 MILLISECONDS interval)
	at org.openqa.selenium.support.ui.WebDriverWait.timeoutException(WebDriverWait.java:80)
	at org.openqa.selenium.support.ui.FluentWait.until(FluentWait.java:257)
	at com.nxp.EdgeScale.business.DevicePagePro.vertifyTopNotice(DevicePagePro.java:84)
	at com.nxp.EdgeScale.testcase.Device.testInactiveDevice(Device.java:82)
Caused by: org.openqa.selenium.NoSuchElementException: Cannot locate an element using By.className: el-message__content
For documentation on this error, please visit: http://seleniumhq.org/exceptions/no_such_element.html
Build info: version: '3.1.0', revision: 'b94c902', time: '2017-02-16 12:21:31 -0800'
System info: host: 'NXL75620', ip: '192.168.0.150', os.name: 'Windows 10', os.arch: 'amd64', os.version: '10.0', java.version: '1.8.0_181'
Driver info: driver.version: unknown
	at org.openqa.selenium.support.ui.ExpectedConditions.lambda$findElement$0(ExpectedConditions.java:896)
	at java.util.Optional.orElseThrow(Optional.java:290)
	at org.openqa.selenium.support.ui.ExpectedConditions.findElement(ExpectedConditions.java:895)
	at org.openqa.selenium.support.ui.ExpectedConditions.access$000(ExpectedConditions.java:41)
	at org.openqa.selenium.support.ui.ExpectedConditions$6.apply(ExpectedConditions.java:181)
	at org.openqa.selenium.support.ui.ExpectedConditions$6.apply(ExpectedConditions.java:178)
	at org.openqa.selenium.support.ui.FluentWait.until(FluentWait.java:234)
	... 27 more
... Removed 25 stack frames]]>
    </failure>
  </testcase> <!-- testInactiveDevice -->
  <testcase name="testDeleteVendor" time="4.22" classname="com.nxp.EdgeScale.testcase.Vendor"/>
  <testcase name="testActiveDevice" time="7.34" classname="com.nxp.EdgeScale.testcase.Device"/>
  <testcase name="testBindTag" time="8.458" classname="com.nxp.EdgeScale.testcase.Device"/>
  <testcase name="testDeleteDevice" time="4.529" classname="com.nxp.EdgeScale.testcase.Device"/>
</testsuite> <!-- Test -->
