<!DOCTYPE html PUBLIC "-//W3C//DTD XHTML 1.1//EN" "http://www.w3.org/TR/xhtml11/DTD/xhtml11.dtd">
<html xmlns="http://www.w3.org/1999/xhtml"><head><title>TestNG Report</title><style type="text/css">table {margin-bottom:10px;border-collapse:collapse;empty-cells:show}th,td {border:1px solid #009;padding:.25em .5em}th {vertical-align:bottom}td {vertical-align:top}table a {font-weight:bold}.stripe td {background-color: #E6EBF9}.num {text-align:right}.passedodd td {background-color: #3F3}.passedeven td {background-color: #0A0}.skippedodd td {background-color: #DDD}.skippedeven td {background-color: #CCC}.failedodd td,.attn {background-color: #F33}.failedeven td,.stripe .attn {background-color: #D00}.stacktrace {white-space:pre;font-family:monospace}.totop {font-size:85%;text-align:center;border-bottom:2px solid #000}</style></head><body><table><tr><th>Test</th><th># Passed</th><th># Skipped</th><th># Failed</th><th>Time (ms)</th><th>Included Groups</th><th>Excluded Groups</th></tr><tr><th colspan="7">Suite</th></tr><tr><td><a href="#t0">Test</a></td><td class="num">32</td><td class="num">0</td><td class="num attn">4</td><td class="num">621,381</td><td></td><td></td></tr></table><table id='summary'><thead><tr><th>Class</th><th>Method</th><th>Start</th><th>Time (ms)</th></tr></thead><tbody><tr><th colspan="4">Suite</th></tr></tbody><tbody id="t0"><tr><th colspan="4">Test &#8212; failed</th></tr><tr class="failedeven"><td rowspan="1">com.nxp.EdgeScale.testcase.CreateSolution</td><td><a href="#m0">testCreateSolution</a></td><td rowspan="1">1536045922064</td><td rowspan="1">20745</td></tr><tr class="failedodd"><td rowspan="2">com.nxp.EdgeScale.testcase.Device</td><td><a href="#m1">testDeleteTagFromDevice</a></td><td rowspan="1">1536046148320</td><td rowspan="1">127</td></tr><tr class="failedodd"><td><a href="#m2">testInactiveDevice</a></td><td rowspan="1">1536046177037</td><td rowspan="1">27160</td></tr><tr class="failedeven"><td rowspan="1">com.nxp.EdgeScale.testcase.Solution</td><td><a href="#m3">testDeleteTag</a></td><td rowspan="1">1536045977650</td><td rowspan="1">10072</td></tr><tr><th colspan="4">Test &#8212; passed</th></tr><tr class="passedeven"><td rowspan="8">com.nxp.EdgeScale.testcase.App</td><td><a href="#m4">testAppAddDocker</a></td><td rowspan="1">1536045756226</td><td rowspan="1">21287</td></tr><tr class="passedeven"><td><a href="#m5">testAppMutipleDeploy</a></td><td rowspan="1">1536045783736</td><td rowspan="1">22968</td></tr><tr class="passedeven"><td><a href="#m6">testChangeAppPermission</a></td><td rowspan="1">1536045812822</td><td rowspan="1">16673</td></tr><tr class="passedeven"><td><a href="#m7">testDeleteApp</a></td><td rowspan="1">1536045835662</td><td rowspan="1">6199</td></tr><tr class="passedeven"><td><a href="#m8">testDeployApp</a></td><td rowspan="1">1536045847991</td><td rowspan="1">11198</td></tr><tr class="passedeven"><td><a href="#m9">testDeployPublicApp</a></td><td rowspan="1">1536045865338</td><td rowspan="1">6896</td></tr><tr class="passedeven"><td><a href="#m10">testEditAppInfo</a></td><td rowspan="1">1536045878274</td><td rowspan="1">17152</td></tr><tr class="passedeven"><td><a href="#m11">testUpdateAppDocument</a></td><td rowspan="1">1536045901625</td><td rowspan="1">7700</td></tr><tr class="passedodd"><td rowspan="1">com.nxp.EdgeScale.testcase.CreateApp</td><td><a href="#m12">testCreateDevice</a></td><td rowspan="1">1536045720177</td><td rowspan="1">20048</td></tr><tr class="passedeven"><td rowspan="1">com.nxp.EdgeScale.testcase.CreateDevice</td><td><a href="#m13">testCreateDevice</a></td><td rowspan="1">1536045676092</td><td rowspan="1">10988</td></tr><tr class="passedodd"><td rowspan="1">com.nxp.EdgeScale.testcase.CreateModel</td><td><a href="#m14">testCreateModel</a></td><td rowspan="1">1536046046036</td><td rowspan="1">14968</td></tr><tr class="passedeven"><td rowspan="4">com.nxp.EdgeScale.testcase.Device</td><td><a href="#m15">testActiveDevice</a></td><td rowspan="1">1536046221898</td><td rowspan="1">7340</td></tr><tr class="passedeven"><td><a href="#m16">testAddTagToDevice</a></td><td rowspan="1">1536045702317</td><td rowspan="1">4492</td></tr><tr class="passedeven"><td><a href="#m17">testBindTag</a></td><td rowspan="1">1536046235569</td><td rowspan="1">8458</td></tr><tr class="passedeven"><td><a href="#m18">testDeleteDevice</a></td><td rowspan="1">1536046250215</td><td rowspan="1">4529</td></tr><tr class="passedodd"><td rowspan="2">com.nxp.EdgeScale.testcase.Login</td><td><a href="#m19">testLogin</a></td><td rowspan="1">1536045637437</td><td rowspan="1">17340</td></tr><tr class="passedodd"><td><a href="#m20">testLoginFail</a></td><td rowspan="1">1536045654780</td><td rowspan="1">2266</td></tr><tr class="passedeven"><td rowspan="6">com.nxp.EdgeScale.testcase.Model</td><td><a href="#m21">testDeleteModel</a></td><td rowspan="1">1536046155574</td><td rowspan="1">4042</td></tr><tr class="passedeven"><td><a href="#m22">testEditModel</a></td><td rowspan="1">1536046076954</td><td rowspan="1">4561</td></tr><tr class="passedeven"><td><a href="#m23">testFindModelsByModel</a></td><td rowspan="1">1536046087571</td><td rowspan="1">3513</td></tr><tr class="passedeven"><td><a href="#m24">testFindModelsByPlatform</a></td><td rowspan="1">1536046097262</td><td rowspan="1">3535</td></tr><tr class="passedeven"><td><a href="#m25">testFindModelsByType</a></td><td rowspan="1">1536046107124</td><td rowspan="1">3540</td></tr><tr class="passedeven"><td><a href="#m26">testFindModelsByVendor</a></td><td rowspan="1">1536046116857</td><td rowspan="1">3420</td></tr><tr class="passedodd"><td rowspan="1">com.nxp.EdgeScale.testcase.Register</td><td><a href="#m27">testRegisterWithExistEmail</a></td><td rowspan="1">1536045659832</td><td rowspan="1">6628</td></tr><tr class="passedeven"><td rowspan="5">com.nxp.EdgeScale.testcase.Solution</td><td><a href="#m28">testAddTag</a></td><td rowspan="1">1536045959012</td><td rowspan="1">1956</td></tr><tr class="passedeven"><td><a href="#m29">testDeleteSolution</a></td><td rowspan="1">1536045967261</td><td rowspan="1">4213</td></tr><tr class="passedeven"><td><a href="#m30">testDeploySolution</a></td><td rowspan="1">1536045994514</td><td rowspan="1">17318</td></tr><tr class="passedeven"><td><a href="#m31">testDownImage</a></td><td rowspan="1">1536046018184</td><td rowspan="1">4640</td></tr><tr class="passedeven"><td><a href="#m32">testEditSolution</a></td><td rowspan="1">1536046028990</td><td rowspan="1">4212</td></tr><tr class="passedodd"><td rowspan="3">com.nxp.EdgeScale.testcase.Vendor</td><td><a href="#m33">testCreateVendor</a></td><td rowspan="1">1536046135566</td><td rowspan="1">4746</td></tr><tr class="passedodd"><td><a href="#m34">testDeleteVendor</a></td><td rowspan="1">1536046211009</td><td rowspan="1">4220</td></tr><tr class="passedodd"><td><a href="#m35">testEditVendor</a></td><td rowspan="1">1536046166121</td><td rowspan="1">4146</td></tr></tbody></table><h2>Test</h2><h3 id="m0">com.nxp.EdgeScale.testcase.CreateSolution#testCreateSolution</h3><table class="result"><tr><th>Exception</th></tr><tr><td><div class="stacktrace">org.openqa.selenium.NoSuchElementException: no such element: Unable to locate element: {&quot;method&quot;:&quot;xpath&quot;,&quot;selector&quot;:&quot;//*[@id=&quot;app&quot;]/div/div[2]/div/div[2]/div[2]/div[1]/div/div/div[2]/form/div[2]/div/button[3]/span&quot;}
  (Session info: chrome=68.0.3440.106)
  (Driver info: chromedriver=2.40.565498 (ea082db3280dd6843ebfb08a625e3eb905c4f5ab),platform=Windows NT 10.0.15063 x86_64) (WARNING: The server did not provide any stacktrace information)
Command duration or timeout: 10.08 seconds
For documentation on this error, please visit: http://seleniumhq.org/exceptions/no_such_element.html
Build info: version: &apos;3.1.0&apos;, revision: &apos;b94c902&apos;, time: &apos;2017-02-16 12:21:31 -0800&apos;
System info: host: &apos;NXL75620&apos;, ip: &apos;192.168.0.150&apos;, os.name: &apos;Windows 10&apos;, os.arch: &apos;amd64&apos;, os.version: &apos;10.0&apos;, java.version: &apos;1.8.0_181&apos;
Driver info: org.openqa.selenium.chrome.ChromeDriver
Capabilities [{applicationCacheEnabled=false, rotatable=false, mobileEmulationEnabled=false, networkConnectionEnabled=false, chrome={chromedriverVersion=2.40.565498 (ea082db3280dd6843ebfb08a625e3eb905c4f5ab), userDataDir=C:\Users\nxf46859\AppData\Local\Temp\1\scoped_dir5552_17098}, takesHeapSnapshot=true, pageLoadStrategy=normal, databaseEnabled=false, handlesAlerts=true, hasTouchScreen=false, version=68.0.3440.106, platform=XP, browserConnectionEnabled=false, nativeEvents=true, acceptSslCerts=false, acceptInsecureCerts=false, locationContextEnabled=true, webStorageEnabled=true, browserName=chrome, takesScreenshot=true, javascriptEnabled=true, cssSelectorsEnabled=true, setWindowRect=true, unexpectedAlertBehaviour=}]
Session ID: ff25db1d7cb78d96145b58f9621e15de
*** Element info: {Using=xpath, value=//*[@id=&quot;app&quot;]/div/div[2]/div/div[2]/div[2]/div[1]/div/div/div[2]/form/div[2]/div/button[3]/span}
	at org.openqa.selenium.remote.ErrorHandler.createThrowable(ErrorHandler.java:216)
	at org.openqa.selenium.remote.ErrorHandler.throwIfResponseFailed(ErrorHandler.java:168)
	at org.openqa.selenium.remote.RemoteWebDriver.execute(RemoteWebDriver.java:635)
	at org.openqa.selenium.remote.RemoteWebDriver.findElement(RemoteWebDriver.java:368)
	at org.openqa.selenium.remote.RemoteWebDriver.findElementByXPath(RemoteWebDriver.java:473)
	at org.openqa.selenium.By$ByXPath.findElement(By.java:361)
	at org.openqa.selenium.remote.RemoteWebDriver.findElement(RemoteWebDriver.java:360)
	at com.nxp.EdgeScale.base.DriverBase.findElement(DriverBase.java:42)
	at com.nxp.EdgeScale.base.BasePage.element(BasePage.java:23)
	at com.nxp.EdgeScale.page.CreateSolutionPage.getNext2Button(CreateSolutionPage.java:48)
	at com.nxp.EdgeScale.handle.CreateSolutionPageHandle.clickNext2Button(CreateSolutionPageHandle.java:42)
	at com.nxp.EdgeScale.business.CreateSolutionPagePro.createSolution(CreateSolutionPagePro.java:54)
	at com.nxp.EdgeScale.testcase.CreateSolution.testCreateSolution(CreateSolution.java:48)
... Removed 29 stack frames</div></td></tr></table><p class="totop"><a href="#summary">back to summary</a></p><h3 id="m1">com.nxp.EdgeScale.testcase.Device#testDeleteTagFromDevice</h3><table class="result"><tr><th>Exception</th></tr><tr><td><div class="stacktrace">org.openqa.selenium.ElementNotVisibleException: element not visible
  (Session info: chrome=68.0.3440.106)
  (Driver info: chromedriver=2.40.565498 (ea082db3280dd6843ebfb08a625e3eb905c4f5ab),platform=Windows NT 10.0.15063 x86_64) (WARNING: The server did not provide any stacktrace information)
Command duration or timeout: 47 milliseconds
Build info: version: &apos;3.1.0&apos;, revision: &apos;b94c902&apos;, time: &apos;2017-02-16 12:21:31 -0800&apos;
System info: host: &apos;NXL75620&apos;, ip: &apos;192.168.0.150&apos;, os.name: &apos;Windows 10&apos;, os.arch: &apos;amd64&apos;, os.version: &apos;10.0&apos;, java.version: &apos;1.8.0_181&apos;
Driver info: org.openqa.selenium.chrome.ChromeDriver
Capabilities [{applicationCacheEnabled=false, rotatable=false, mobileEmulationEnabled=false, networkConnectionEnabled=false, chrome={chromedriverVersion=2.40.565498 (ea082db3280dd6843ebfb08a625e3eb905c4f5ab), userDataDir=C:\Users\nxf46859\AppData\Local\Temp\1\scoped_dir14196_10500}, takesHeapSnapshot=true, pageLoadStrategy=normal, databaseEnabled=false, handlesAlerts=true, hasTouchScreen=false, version=68.0.3440.106, platform=XP, browserConnectionEnabled=false, nativeEvents=true, acceptSslCerts=false, acceptInsecureCerts=false, locationContextEnabled=true, webStorageEnabled=true, browserName=chrome, takesScreenshot=true, javascriptEnabled=true, cssSelectorsEnabled=true, setWindowRect=true, unexpectedAlertBehaviour=}]
Session ID: dbeaed3b9536668671199279f450ecb7
	at org.openqa.selenium.remote.ErrorHandler.createThrowable(ErrorHandler.java:216)
	at org.openqa.selenium.remote.ErrorHandler.throwIfResponseFailed(ErrorHandler.java:168)
	at org.openqa.selenium.remote.RemoteWebDriver.execute(RemoteWebDriver.java:635)
	at org.openqa.selenium.remote.RemoteWebElement.execute(RemoteWebElement.java:274)
	at org.openqa.selenium.remote.RemoteWebElement.click(RemoteWebElement.java:84)
	at com.nxp.EdgeScale.base.BasePage.click(BasePage.java:62)
	at com.nxp.EdgeScale.handle.DevicePageHandle.clickDeviceDeleteTagButton(DevicePageHandle.java:117)
	at com.nxp.EdgeScale.business.DevicePagePro.deleteTag(DevicePagePro.java:130)
	at com.nxp.EdgeScale.testcase.Device.testDeleteTagFromDevice(Device.java:66)
... Removed 29 stack frames</div></td></tr></table><p class="totop"><a href="#summary">back to summary</a></p><h3 id="m2">com.nxp.EdgeScale.testcase.Device#testInactiveDevice</h3><table class="result"><tr><th>Exception</th></tr><tr><td><div class="stacktrace">org.openqa.selenium.TimeoutException: Expected condition failed: waiting for presence of element located by: By.className: el-message__content (tried for 20 second(s) with 500 MILLISECONDS interval)
	at org.openqa.selenium.support.ui.WebDriverWait.timeoutException(WebDriverWait.java:80)
	at org.openqa.selenium.support.ui.FluentWait.until(FluentWait.java:257)
	at com.nxp.EdgeScale.business.DevicePagePro.vertifyTopNotice(DevicePagePro.java:84)
	at com.nxp.EdgeScale.testcase.Device.testInactiveDevice(Device.java:82)
Caused by: org.openqa.selenium.NoSuchElementException: Cannot locate an element using By.className: el-message__content
For documentation on this error, please visit: http://seleniumhq.org/exceptions/no_such_element.html
Build info: version: &apos;3.1.0&apos;, revision: &apos;b94c902&apos;, time: &apos;2017-02-16 12:21:31 -0800&apos;
System info: host: &apos;NXL75620&apos;, ip: &apos;192.168.0.150&apos;, os.name: &apos;Windows 10&apos;, os.arch: &apos;amd64&apos;, os.version: &apos;10.0&apos;, java.version: &apos;1.8.0_181&apos;
Driver info: driver.version: unknown
	at org.openqa.selenium.support.ui.ExpectedConditions.lambda$findElement$0(ExpectedConditions.java:896)
	at java.util.Optional.orElseThrow(Optional.java:290)
	at org.openqa.selenium.support.ui.ExpectedConditions.findElement(ExpectedConditions.java:895)
	at org.openqa.selenium.support.ui.ExpectedConditions.access$000(ExpectedConditions.java:41)
	at org.openqa.selenium.support.ui.ExpectedConditions$6.apply(ExpectedConditions.java:181)
	at org.openqa.selenium.support.ui.ExpectedConditions$6.apply(ExpectedConditions.java:178)
	at org.openqa.selenium.support.ui.FluentWait.until(FluentWait.java:234)
	... 27 more
... Removed 25 stack frames</div></td></tr></table><p class="totop"><a href="#summary">back to summary</a></p><h3 id="m3">com.nxp.EdgeScale.testcase.Solution#testDeleteTag</h3><table class="result"><tr><th>Exception</th></tr><tr><td><div class="stacktrace">org.openqa.selenium.NoSuchElementException: no such element: Unable to locate element: {&quot;method&quot;:&quot;xpath&quot;,&quot;selector&quot;:&quot;//*[@id=&quot;app&quot;]/div/div[2]/div/div[2]/div[2]/div[1]/div/div/div/div[2]/div/div[2]/div/div[1]/div/div[1]/div/div[3]/div/div[2]/span/span[1]/span/i&quot;}
  (Session info: chrome=68.0.3440.106)
  (Driver info: chromedriver=2.40.565498 (ea082db3280dd6843ebfb08a625e3eb905c4f5ab),platform=Windows NT 10.0.15063 x86_64) (WARNING: The server did not provide any stacktrace information)
Command duration or timeout: 10.07 seconds
For documentation on this error, please visit: http://seleniumhq.org/exceptions/no_such_element.html
Build info: version: &apos;3.1.0&apos;, revision: &apos;b94c902&apos;, time: &apos;2017-02-16 12:21:31 -0800&apos;
System info: host: &apos;NXL75620&apos;, ip: &apos;192.168.0.150&apos;, os.name: &apos;Windows 10&apos;, os.arch: &apos;amd64&apos;, os.version: &apos;10.0&apos;, java.version: &apos;1.8.0_181&apos;
Driver info: org.openqa.selenium.chrome.ChromeDriver
Capabilities [{applicationCacheEnabled=false, rotatable=false, mobileEmulationEnabled=false, networkConnectionEnabled=false, chrome={chromedriverVersion=2.40.565498 (ea082db3280dd6843ebfb08a625e3eb905c4f5ab), userDataDir=C:\Users\nxf46859\AppData\Local\Temp\1\scoped_dir13996_25676}, takesHeapSnapshot=true, pageLoadStrategy=normal, databaseEnabled=false, handlesAlerts=true, hasTouchScreen=false, version=68.0.3440.106, platform=XP, browserConnectionEnabled=false, nativeEvents=true, acceptSslCerts=false, acceptInsecureCerts=false, locationContextEnabled=true, webStorageEnabled=true, browserName=chrome, takesScreenshot=true, javascriptEnabled=true, cssSelectorsEnabled=true, setWindowRect=true, unexpectedAlertBehaviour=}]
Session ID: 58404d144df0a90e3e60c8125e0238fd
*** Element info: {Using=xpath, value=//*[@id=&quot;app&quot;]/div/div[2]/div/div[2]/div[2]/div[1]/div/div/div/div[2]/div/div[2]/div/div[1]/div/div[1]/div/div[3]/div/div[2]/span/span[1]/span/i}
	at org.openqa.selenium.remote.ErrorHandler.createThrowable(ErrorHandler.java:216)
	at org.openqa.selenium.remote.ErrorHandler.throwIfResponseFailed(ErrorHandler.java:168)
	at org.openqa.selenium.remote.RemoteWebDriver.execute(RemoteWebDriver.java:635)
	at org.openqa.selenium.remote.RemoteWebDriver.findElement(RemoteWebDriver.java:368)
	at org.openqa.selenium.remote.RemoteWebDriver.findElementByXPath(RemoteWebDriver.java:473)
	at org.openqa.selenium.By$ByXPath.findElement(By.java:361)
	at org.openqa.selenium.remote.RemoteWebDriver.findElement(RemoteWebDriver.java:360)
	at com.nxp.EdgeScale.base.DriverBase.findElement(DriverBase.java:42)
	at com.nxp.EdgeScale.base.BasePage.element(BasePage.java:23)
	at com.nxp.EdgeScale.page.SolutionPage.getDeleteTagButton(SolutionPage.java:42)
	at com.nxp.EdgeScale.handle.SolutionPageHandle.clickDeleteTagButton(SolutionPageHandle.java:41)
	at com.nxp.EdgeScale.business.SolutionPagePro.deleteTag(SolutionPagePro.java:40)
	at com.nxp.EdgeScale.testcase.Solution.testDeleteTag(Solution.java:60)
... Removed 29 stack frames</div></td></tr></table><p class="totop"><a href="#summary">back to summary</a></p><h3 id="m4">com.nxp.EdgeScale.testcase.App#testAppAddDocker</h3><table class="result"></table><p class="totop"><a href="#summary">back to summary</a></p><h3 id="m5">com.nxp.EdgeScale.testcase.App#testAppMutipleDeploy</h3><table class="result"></table><p class="totop"><a href="#summary">back to summary</a></p><h3 id="m6">com.nxp.EdgeScale.testcase.App#testChangeAppPermission</h3><table class="result"></table><p class="totop"><a href="#summary">back to summary</a></p><h3 id="m7">com.nxp.EdgeScale.testcase.App#testDeleteApp</h3><table class="result"></table><p class="totop"><a href="#summary">back to summary</a></p><h3 id="m8">com.nxp.EdgeScale.testcase.App#testDeployApp</h3><table class="result"></table><p class="totop"><a href="#summary">back to summary</a></p><h3 id="m9">com.nxp.EdgeScale.testcase.App#testDeployPublicApp</h3><table class="result"></table><p class="totop"><a href="#summary">back to summary</a></p><h3 id="m10">com.nxp.EdgeScale.testcase.App#testEditAppInfo</h3><table class="result"></table><p class="totop"><a href="#summary">back to summary</a></p><h3 id="m11">com.nxp.EdgeScale.testcase.App#testUpdateAppDocument</h3><table class="result"></table><p class="totop"><a href="#summary">back to summary</a></p><h3 id="m12">com.nxp.EdgeScale.testcase.CreateApp#testCreateDevice</h3><table class="result"></table><p class="totop"><a href="#summary">back to summary</a></p><h3 id="m13">com.nxp.EdgeScale.testcase.CreateDevice#testCreateDevice</h3><table class="result"></table><p class="totop"><a href="#summary">back to summary</a></p><h3 id="m14">com.nxp.EdgeScale.testcase.CreateModel#testCreateModel</h3><table class="result"></table><p class="totop"><a href="#summary">back to summary</a></p><h3 id="m15">com.nxp.EdgeScale.testcase.Device#testActiveDevice</h3><table class="result"></table><p class="totop"><a href="#summary">back to summary</a></p><h3 id="m16">com.nxp.EdgeScale.testcase.Device#testAddTagToDevice</h3><table class="result"></table><p class="totop"><a href="#summary">back to summary</a></p><h3 id="m17">com.nxp.EdgeScale.testcase.Device#testBindTag</h3><table class="result"></table><p class="totop"><a href="#summary">back to summary</a></p><h3 id="m18">com.nxp.EdgeScale.testcase.Device#testDeleteDevice</h3><table class="result"></table><p class="totop"><a href="#summary">back to summary</a></p><h3 id="m19">com.nxp.EdgeScale.testcase.Login#testLogin</h3><table class="result"></table><p class="totop"><a href="#summary">back to summary</a></p><h3 id="m20">com.nxp.EdgeScale.testcase.Login#testLoginFail</h3><table class="result"></table><p class="totop"><a href="#summary">back to summary</a></p><h3 id="m21">com.nxp.EdgeScale.testcase.Model#testDeleteModel</h3><table class="result"></table><p class="totop"><a href="#summary">back to summary</a></p><h3 id="m22">com.nxp.EdgeScale.testcase.Model#testEditModel</h3><table class="result"></table><p class="totop"><a href="#summary">back to summary</a></p><h3 id="m23">com.nxp.EdgeScale.testcase.Model#testFindModelsByModel</h3><table class="result"></table><p class="totop"><a href="#summary">back to summary</a></p><h3 id="m24">com.nxp.EdgeScale.testcase.Model#testFindModelsByPlatform</h3><table class="result"></table><p class="totop"><a href="#summary">back to summary</a></p><h3 id="m25">com.nxp.EdgeScale.testcase.Model#testFindModelsByType</h3><table class="result"></table><p class="totop"><a href="#summary">back to summary</a></p><h3 id="m26">com.nxp.EdgeScale.testcase.Model#testFindModelsByVendor</h3><table class="result"></table><p class="totop"><a href="#summary">back to summary</a></p><h3 id="m27">com.nxp.EdgeScale.testcase.Register#testRegisterWithExistEmail</h3><table class="result"></table><p class="totop"><a href="#summary">back to summary</a></p><h3 id="m28">com.nxp.EdgeScale.testcase.Solution#testAddTag</h3><table class="result"></table><p class="totop"><a href="#summary">back to summary</a></p><h3 id="m29">com.nxp.EdgeScale.testcase.Solution#testDeleteSolution</h3><table class="result"></table><p class="totop"><a href="#summary">back to summary</a></p><h3 id="m30">com.nxp.EdgeScale.testcase.Solution#testDeploySolution</h3><table class="result"></table><p class="totop"><a href="#summary">back to summary</a></p><h3 id="m31">com.nxp.EdgeScale.testcase.Solution#testDownImage</h3><table class="result"></table><p class="totop"><a href="#summary">back to summary</a></p><h3 id="m32">com.nxp.EdgeScale.testcase.Solution#testEditSolution</h3><table class="result"></table><p class="totop"><a href="#summary">back to summary</a></p><h3 id="m33">com.nxp.EdgeScale.testcase.Vendor#testCreateVendor</h3><table class="result"></table><p class="totop"><a href="#summary">back to summary</a></p><h3 id="m34">com.nxp.EdgeScale.testcase.Vendor#testDeleteVendor</h3><table class="result"></table><p class="totop"><a href="#summary">back to summary</a></p><h3 id="m35">com.nxp.EdgeScale.testcase.Vendor#testEditVendor</h3><table class="result"></table><p class="totop"><a href="#summary">back to summary</a></p></body></html>