<?xml version="1.0" encoding="UTF-8"?>
<testng-results skipped="0" failed="4" ignored="0" total="36" passed="32">
  <reporter-output>
  </reporter-output>
  <suite name="Suite" duration-ms="621381" started-at="2018-09-04T07:20:33Z" finished-at="2018-09-04T07:30:55Z">
    <groups>
    </groups>
    <test name="Test" duration-ms="621381" started-at="2018-09-04T07:20:33Z" finished-at="2018-09-04T07:30:55Z">
      <class name="com.nxp.EdgeScale.testcase.Model">
        <test-method status="PASS" signature="init()[pri:0, instance:com.nxp.EdgeScale.testcase.Model@3b0143d3]" name="init" is-config="true" duration-ms="9826" started-at="2018-09-04T15:27:41Z" finished-at="2018-09-04T15:27:51Z">
          <reporter-output>
          </reporter-output>
        </test-method> <!-- init -->
        <test-method status="PASS" signature="afterMethod()[pri:0, instance:com.nxp.EdgeScale.testcase.Model@3b0143d3]" name="afterMethod" is-config="true" duration-ms="5935" started-at="2018-09-04T15:27:51Z" finished-at="2018-09-04T15:27:56Z">
          <reporter-output>
          </reporter-output>
        </test-method> <!-- afterMethod -->
        <test-method status="PASS" signature="testEditModel()[pri:0, instance:com.nxp.EdgeScale.testcase.Model@3b0143d3]" name="testEditModel" duration-ms="4561" started-at="2018-09-04T15:27:56Z" finished-at="2018-09-04T15:28:01Z">
          <reporter-output>
          </reporter-output>
        </test-method> <!-- testEditModel -->
        <test-method status="PASS" signature="afterMethod()[pri:0, instance:com.nxp.EdgeScale.testcase.Model@3b0143d3]" name="afterMethod" is-config="true" duration-ms="6055" started-at="2018-09-04T15:28:01Z" finished-at="2018-09-04T15:28:07Z">
          <reporter-output>
          </reporter-output>
        </test-method> <!-- afterMethod -->
        <test-method status="PASS" signature="testFindModelsByModel()[pri:0, instance:com.nxp.EdgeScale.testcase.Model@3b0143d3]" name="testFindModelsByModel" duration-ms="3513" started-at="2018-09-04T15:28:07Z" finished-at="2018-09-04T15:28:11Z">
          <reporter-output>
          </reporter-output>
        </test-method> <!-- testFindModelsByModel -->
        <test-method status="PASS" signature="afterMethod()[pri:0, instance:com.nxp.EdgeScale.testcase.Model@3b0143d3]" name="afterMethod" is-config="true" duration-ms="6177" started-at="2018-09-04T15:28:11Z" finished-at="2018-09-04T15:28:17Z">
          <reporter-output>
          </reporter-output>
        </test-method> <!-- afterMethod -->
        <test-method status="PASS" signature="testFindModelsByPlatform()[pri:0, instance:com.nxp.EdgeScale.testcase.Model@3b0143d3]" name="testFindModelsByPlatform" duration-ms="3535" started-at="2018-09-04T15:28:17Z" finished-at="2018-09-04T15:28:20Z">
          <reporter-output>
          </reporter-output>
        </test-method> <!-- testFindModelsByPlatform -->
        <test-method status="PASS" signature="afterMethod()[pri:0, instance:com.nxp.EdgeScale.testcase.Model@3b0143d3]" name="afterMethod" is-config="true" duration-ms="6325" started-at="2018-09-04T15:28:20Z" finished-at="2018-09-04T15:28:27Z">
          <reporter-output>
          </reporter-output>
        </test-method> <!-- afterMethod -->
        <test-method status="PASS" signature="testFindModelsByType()[pri:0, instance:com.nxp.EdgeScale.testcase.Model@3b0143d3]" name="testFindModelsByType" duration-ms="3540" started-at="2018-09-04T15:28:27Z" finished-at="2018-09-04T15:28:30Z">
          <reporter-output>
          </reporter-output>
        </test-method> <!-- testFindModelsByType -->
        <test-method status="PASS" signature="afterMethod()[pri:0, instance:com.nxp.EdgeScale.testcase.Model@3b0143d3]" name="afterMethod" is-config="true" duration-ms="6193" started-at="2018-09-04T15:28:30Z" finished-at="2018-09-04T15:28:36Z">
          <reporter-output>
          </reporter-output>
        </test-method> <!-- afterMethod -->
        <test-method status="PASS" signature="testFindModelsByVendor()[pri:0, instance:com.nxp.EdgeScale.testcase.Model@3b0143d3]" name="testFindModelsByVendor" duration-ms="3420" started-at="2018-09-04T15:28:36Z" finished-at="2018-09-04T15:28:40Z">
          <reporter-output>
          </reporter-output>
        </test-method> <!-- testFindModelsByVendor -->
        <test-method status="PASS" signature="afterMethod()[pri:0, instance:com.nxp.EdgeScale.testcase.Model@3b0143d3]" name="afterMethod" is-config="true" duration-ms="6159" started-at="2018-09-04T15:29:09Z" finished-at="2018-09-04T15:29:15Z">
          <reporter-output>
          </reporter-output>
        </test-method> <!-- afterMethod -->
        <test-method status="PASS" signature="testDeleteModel()[pri:1, instance:com.nxp.EdgeScale.testcase.Model@3b0143d3]" name="testDeleteModel" duration-ms="4042" started-at="2018-09-04T15:29:15Z" finished-at="2018-09-04T15:29:19Z">
          <reporter-output>
          </reporter-output>
        </test-method> <!-- testDeleteModel -->
        <test-method status="PASS" signature="close()[pri:0, instance:com.nxp.EdgeScale.testcase.Model@3b0143d3]" name="close" is-config="true" duration-ms="317" started-at="2018-09-04T15:29:19Z" finished-at="2018-09-04T15:29:19Z">
          <reporter-output>
          </reporter-output>
        </test-method> <!-- close -->
      </class> <!-- com.nxp.EdgeScale.testcase.Model -->
      <class name="com.nxp.EdgeScale.testcase.Vendor">
        <test-method status="PASS" signature="init()[pri:0, instance:com.nxp.EdgeScale.testcase.Vendor@5a8e6209]" name="init" is-config="true" duration-ms="8215" started-at="2018-09-04T15:28:40Z" finished-at="2018-09-04T15:28:48Z">
          <reporter-output>
          </reporter-output>
        </test-method> <!-- init -->
        <test-method status="PASS" signature="afterMethod()[pri:0, instance:com.nxp.EdgeScale.testcase.Vendor@5a8e6209]" name="afterMethod" is-config="true" duration-ms="7073" started-at="2018-09-04T15:28:48Z" finished-at="2018-09-04T15:28:55Z">
          <reporter-output>
          </reporter-output>
        </test-method> <!-- afterMethod -->
        <test-method status="PASS" signature="testCreateVendor()[pri:0, instance:com.nxp.EdgeScale.testcase.Vendor@5a8e6209]" name="testCreateVendor" duration-ms="4746" started-at="2018-09-04T15:28:55Z" finished-at="2018-09-04T15:29:00Z">
          <reporter-output>
          </reporter-output>
        </test-method> <!-- testCreateVendor -->
        <test-method status="PASS" signature="afterMethod()[pri:0, instance:com.nxp.EdgeScale.testcase.Vendor@5a8e6209]" name="afterMethod" is-config="true" duration-ms="6187" started-at="2018-09-04T15:29:19Z" finished-at="2018-09-04T15:29:26Z">
          <reporter-output>
          </reporter-output>
        </test-method> <!-- afterMethod -->
        <test-method status="PASS" signature="testEditVendor()[pri:1, instance:com.nxp.EdgeScale.testcase.Vendor@5a8e6209]" name="testEditVendor" duration-ms="4146" started-at="2018-09-04T15:29:26Z" finished-at="2018-09-04T15:29:30Z">
          <reporter-output>
          </reporter-output>
        </test-method> <!-- testEditVendor -->
        <test-method status="PASS" signature="afterMethod()[pri:0, instance:com.nxp.EdgeScale.testcase.Vendor@5a8e6209]" name="afterMethod" is-config="true" duration-ms="6417" started-at="2018-09-04T15:30:04Z" finished-at="2018-09-04T15:30:11Z">
          <reporter-output>
          </reporter-output>
        </test-method> <!-- afterMethod -->
        <test-method status="PASS" signature="testDeleteVendor()[pri:2, instance:com.nxp.EdgeScale.testcase.Vendor@5a8e6209]" name="testDeleteVendor" duration-ms="4220" started-at="2018-09-04T15:30:11Z" finished-at="2018-09-04T15:30:15Z">
          <reporter-output>
          </reporter-output>
        </test-method> <!-- testDeleteVendor -->
        <test-method status="PASS" signature="close()[pri:0, instance:com.nxp.EdgeScale.testcase.Vendor@5a8e6209]" name="close" is-config="true" duration-ms="211" started-at="2018-09-04T15:30:15Z" finished-at="2018-09-04T15:30:15Z">
          <reporter-output>
          </reporter-output>
        </test-method> <!-- close -->
      </class> <!-- com.nxp.EdgeScale.testcase.Vendor -->
      <class name="com.nxp.EdgeScale.testcase.Login">
        <test-method status="PASS" signature="init()[pri:0, instance:com.nxp.EdgeScale.testcase.Login@6f1fba17]" name="init" is-config="true" duration-ms="3679" started-at="2018-09-04T15:20:33Z" finished-at="2018-09-04T15:20:37Z">
          <reporter-output>
          </reporter-output>
        </test-method> <!-- init -->
        <test-method status="PASS" signature="testLogin()[pri:0, instance:com.nxp.EdgeScale.testcase.Login@6f1fba17]" name="testLogin" duration-ms="17340" started-at="2018-09-04T15:20:37Z" finished-at="2018-09-04T15:20:54Z">
          <reporter-output>
          </reporter-output>
        </test-method> <!-- testLogin -->
        <test-method status="PASS" signature="testLoginFail()[pri:0, instance:com.nxp.EdgeScale.testcase.Login@6f1fba17]" name="testLoginFail" duration-ms="2266" started-at="2018-09-04T15:20:54Z" finished-at="2018-09-04T15:20:57Z">
          <reporter-output>
          </reporter-output>
        </test-method> <!-- testLoginFail -->
        <test-method status="PASS" signature="close()[pri:0, instance:com.nxp.EdgeScale.testcase.Login@6f1fba17]" name="close" is-config="true" duration-ms="167" started-at="2018-09-04T15:20:57Z" finished-at="2018-09-04T15:20:57Z">
          <reporter-output>
          </reporter-output>
        </test-method> <!-- close -->
      </class> <!-- com.nxp.EdgeScale.testcase.Login -->
      <class name="com.nxp.EdgeScale.testcase.Device">
        <test-method status="PASS" signature="init()[pri:0, instance:com.nxp.EdgeScale.testcase.Device@335eadca]" name="init" is-config="true" duration-ms="8019" started-at="2018-09-04T15:21:27Z" finished-at="2018-09-04T15:21:35Z">
          <reporter-output>
          </reporter-output>
        </test-method> <!-- init -->
        <test-method status="PASS" signature="afterMethod()[pri:0, instance:com.nxp.EdgeScale.testcase.Device@335eadca]" name="afterMethod" is-config="true" duration-ms="7040" started-at="2018-09-04T15:21:35Z" finished-at="2018-09-04T15:21:42Z">
          <reporter-output>
          </reporter-output>
        </test-method> <!-- afterMethod -->
        <test-method status="PASS" signature="testAddTagToDevice()[pri:0, instance:com.nxp.EdgeScale.testcase.Device@335eadca]" name="testAddTagToDevice" duration-ms="4492" started-at="2018-09-04T15:21:42Z" finished-at="2018-09-04T15:21:46Z">
          <reporter-output>
          </reporter-output>
        </test-method> <!-- testAddTagToDevice -->
        <test-method status="PASS" signature="afterMethod()[pri:0, instance:com.nxp.EdgeScale.testcase.Device@335eadca]" name="afterMethod" is-config="true" duration-ms="8004" started-at="2018-09-04T15:29:00Z" finished-at="2018-09-04T15:29:08Z">
          <reporter-output>
          </reporter-output>
        </test-method> <!-- afterMethod -->
        <test-method status="FAIL" signature="testDeleteTagFromDevice()[pri:1, instance:com.nxp.EdgeScale.testcase.Device@335eadca]" name="testDeleteTagFromDevice" duration-ms="127" started-at="2018-09-04T15:29:08Z" finished-at="2018-09-04T15:29:08Z">
          <exception class="org.openqa.selenium.ElementNotVisibleException">
            <message>
              <![CDATA[element not visible
  (Session info: chrome=68.0.3440.106)
  (Driver info: chromedriver=2.40.565498 (ea082db3280dd6843ebfb08a625e3eb905c4f5ab),platform=Windows NT 10.0.15063 x86_64) (WARNING: The server did not provide any stacktrace information)
Command duration or timeout: 47 milliseconds
Build info: version: '3.1.0', revision: 'b94c902', time: '2017-02-16 12:21:31 -0800'
System info: host: 'NXL75620', ip: '192.168.0.150', os.name: 'Windows 10', os.arch: 'amd64', os.version: '10.0', java.version: '1.8.0_181'
Driver info: org.openqa.selenium.chrome.ChromeDriver
Capabilities [{applicationCacheEnabled=false, rotatable=false, mobileEmulationEnabled=false, networkConnectionEnabled=false, chrome={chromedriverVersion=2.40.565498 (ea082db3280dd6843ebfb08a625e3eb905c4f5ab), userDataDir=C:\Users\nxf46859\AppData\Local\Temp\1\scoped_dir14196_10500}, takesHeapSnapshot=true, pageLoadStrategy=normal, databaseEnabled=false, handlesAlerts=true, hasTouchScreen=false, version=68.0.3440.106, platform=XP, browserConnectionEnabled=false, nativeEvents=true, acceptSslCerts=false, acceptInsecureCerts=false, locationContextEnabled=true, webStorageEnabled=true, browserName=chrome, takesScreenshot=true, javascriptEnabled=true, cssSelectorsEnabled=true, setWindowRect=true, unexpectedAlertBehaviour=}]
Session ID: dbeaed3b9536668671199279f450ecb7]]>
            </message>
            <full-stacktrace>
              <![CDATA[org.openqa.selenium.ElementNotVisibleException: element not visible
  (Session info: chrome=68.0.3440.106)
  (Driver info: chromedriver=2.40.565498 (ea082db3280dd6843ebfb08a625e3eb905c4f5ab),platform=Windows NT 10.0.15063 x86_64) (WARNING: The server did not provide any stacktrace information)
Command duration or timeout: 47 milliseconds
Build info: version: '3.1.0', revision: 'b94c902', time: '2017-02-16 12:21:31 -0800'
System info: host: 'NXL75620', ip: '192.168.0.150', os.name: 'Windows 10', os.arch: 'amd64', os.version: '10.0', java.version: '1.8.0_181'
Driver info: org.openqa.selenium.chrome.ChromeDriver
Capabilities [{applicationCacheEnabled=false, rotatable=false, mobileEmulationEnabled=false, networkConnectionEnabled=false, chrome={chromedriverVersion=2.40.565498 (ea082db3280dd6843ebfb08a625e3eb905c4f5ab), userDataDir=C:\Users\nxf46859\AppData\Local\Temp\1\scoped_dir14196_10500}, takesHeapSnapshot=true, pageLoadStrategy=normal, databaseEnabled=false, handlesAlerts=true, hasTouchScreen=false, version=68.0.3440.106, platform=XP, browserConnectionEnabled=false, nativeEvents=true, acceptSslCerts=false, acceptInsecureCerts=false, locationContextEnabled=true, webStorageEnabled=true, browserName=chrome, takesScreenshot=true, javascriptEnabled=true, cssSelectorsEnabled=true, setWindowRect=true, unexpectedAlertBehaviour=}]
Session ID: dbeaed3b9536668671199279f450ecb7
	at sun.reflect.NativeConstructorAccessorImpl.newInstance0(Native Method)
	at sun.reflect.NativeConstructorAccessorImpl.newInstance(NativeConstructorAccessorImpl.java:62)
	at sun.reflect.DelegatingConstructorAccessorImpl.newInstance(DelegatingConstructorAccessorImpl.java:45)
	at java.lang.reflect.Constructor.newInstance(Constructor.java:423)
	at org.openqa.selenium.remote.ErrorHandler.createThrowable(ErrorHandler.java:216)
	at org.openqa.selenium.remote.ErrorHandler.throwIfResponseFailed(ErrorHandler.java:168)
	at org.openqa.selenium.remote.RemoteWebDriver.execute(RemoteWebDriver.java:635)
	at org.openqa.selenium.remote.RemoteWebElement.execute(RemoteWebElement.java:274)
	at org.openqa.selenium.remote.RemoteWebElement.click(RemoteWebElement.java:84)
	at com.nxp.EdgeScale.base.BasePage.click(BasePage.java:62)
	at com.nxp.EdgeScale.handle.DevicePageHandle.clickDeviceDeleteTagButton(DevicePageHandle.java:117)
	at com.nxp.EdgeScale.business.DevicePagePro.deleteTag(DevicePagePro.java:130)
	at com.nxp.EdgeScale.testcase.Device.testDeleteTagFromDevice(Device.java:66)
	at sun.reflect.NativeMethodAccessorImpl.invoke0(Native Method)
	at sun.reflect.NativeMethodAccessorImpl.invoke(NativeMethodAccessorImpl.java:62)
	at sun.reflect.DelegatingMethodAccessorImpl.invoke(DelegatingMethodAccessorImpl.java:43)
	at java.lang.reflect.Method.invoke(Method.java:498)
	at org.testng.internal.MethodInvocationHelper.invokeMethod(MethodInvocationHelper.java:108)
	at org.testng.internal.Invoker.invokeMethod(Invoker.java:661)
	at org.testng.internal.Invoker.invokeTestMethod(Invoker.java:869)
	at org.testng.internal.Invoker.invokeTestMethods(Invoker.java:1193)
	at org.testng.internal.TestMethodWorker.invokeTestMethods(TestMethodWorker.java:126)
	at org.testng.internal.TestMethodWorker.run(TestMethodWorker.java:109)
	at org.testng.TestRunner.privateRun(TestRunner.java:744)
	at org.testng.TestRunner.run(TestRunner.java:602)
	at org.testng.SuiteRunner.runTest(SuiteRunner.java:380)
	at org.testng.SuiteRunner.runSequentially(SuiteRunner.java:375)
	at org.testng.SuiteRunner.privateRun(SuiteRunner.java:340)
	at org.testng.SuiteRunner.run(SuiteRunner.java:289)
	at org.testng.SuiteRunnerWorker.runSuite(SuiteRunnerWorker.java:52)
	at org.testng.SuiteRunnerWorker.run(SuiteRunnerWorker.java:86)
	at org.testng.TestNG.runSuitesSequentially(TestNG.java:1301)
	at org.testng.TestNG.runSuitesLocally(TestNG.java:1226)
	at org.testng.TestNG.runSuites(TestNG.java:1144)
	at org.testng.TestNG.run(TestNG.java:1115)
	at org.testng.remote.AbstractRemoteTestNG.run(AbstractRemoteTestNG.java:114)
	at org.testng.remote.RemoteTestNG.initAndRun(RemoteTestNG.java:251)
	at org.testng.remote.RemoteTestNG.main(RemoteTestNG.java:77)
]]>
            </full-stacktrace>
          </exception> <!-- org.openqa.selenium.ElementNotVisibleException -->
          <reporter-output>
          </reporter-output>
        </test-method> <!-- testDeleteTagFromDevice -->
        <test-method status="PASS" signature="afterMethod()[pri:0, instance:com.nxp.EdgeScale.testcase.Device@335eadca]" name="afterMethod" is-config="true" duration-ms="6769" started-at="2018-09-04T15:29:30Z" finished-at="2018-09-04T15:29:37Z">
          <reporter-output>
          </reporter-output>
        </test-method> <!-- afterMethod -->
        <test-method status="FAIL" signature="testInactiveDevice()[pri:2, instance:com.nxp.EdgeScale.testcase.Device@335eadca]" name="testInactiveDevice" duration-ms="27160" started-at="2018-09-04T15:29:37Z" finished-at="2018-09-04T15:30:04Z">
          <exception class="org.openqa.selenium.TimeoutException">
            <message>
              <![CDATA[Expected condition failed: waiting for presence of element located by: By.className: el-message__content (tried for 20 second(s) with 500 MILLISECONDS interval)]]>
            </message>
            <full-stacktrace>
              <![CDATA[org.openqa.selenium.TimeoutException: Expected condition failed: waiting for presence of element located by: By.className: el-message__content (tried for 20 second(s) with 500 MILLISECONDS interval)
	at org.openqa.selenium.support.ui.WebDriverWait.timeoutException(WebDriverWait.java:80)
	at org.openqa.selenium.support.ui.FluentWait.until(FluentWait.java:257)
	at com.nxp.EdgeScale.business.DevicePagePro.vertifyTopNotice(DevicePagePro.java:84)
	at com.nxp.EdgeScale.testcase.Device.testInactiveDevice(Device.java:82)
	at sun.reflect.NativeMethodAccessorImpl.invoke0(Native Method)
	at sun.reflect.NativeMethodAccessorImpl.invoke(NativeMethodAccessorImpl.java:62)
	at sun.reflect.DelegatingMethodAccessorImpl.invoke(DelegatingMethodAccessorImpl.java:43)
	at java.lang.reflect.Method.invoke(Method.java:498)
	at org.testng.internal.MethodInvocationHelper.invokeMethod(MethodInvocationHelper.java:108)
	at org.testng.internal.Invoker.invokeMethod(Invoker.java:661)
	at org.testng.internal.Invoker.invokeTestMethod(Invoker.java:869)
	at org.testng.internal.Invoker.invokeTestMethods(Invoker.java:1193)
	at org.testng.internal.TestMethodWorker.invokeTestMethods(TestMethodWorker.java:126)
	at org.testng.internal.TestMethodWorker.run(TestMethodWorker.java:109)
	at org.testng.TestRunner.privateRun(TestRunner.java:744)
	at org.testng.TestRunner.run(TestRunner.java:602)
	at org.testng.SuiteRunner.runTest(SuiteRunner.java:380)
	at org.testng.SuiteRunner.runSequentially(SuiteRunner.java:375)
	at org.testng.SuiteRunner.privateRun(SuiteRunner.java:340)
	at org.testng.SuiteRunner.run(SuiteRunner.java:289)
	at org.testng.SuiteRunnerWorker.runSuite(SuiteRunnerWorker.java:52)
	at org.testng.SuiteRunnerWorker.run(SuiteRunnerWorker.java:86)
	at org.testng.TestNG.runSuitesSequentially(TestNG.java:1301)
	at org.testng.TestNG.runSuitesLocally(TestNG.java:1226)
	at org.testng.TestNG.runSuites(TestNG.java:1144)
	at org.testng.TestNG.run(TestNG.java:1115)
	at org.testng.remote.AbstractRemoteTestNG.run(AbstractRemoteTestNG.java:114)
	at org.testng.remote.RemoteTestNG.initAndRun(RemoteTestNG.java:251)
	at org.testng.remote.RemoteTestNG.main(RemoteTestNG.java:77)
Caused by: org.openqa.selenium.NoSuchElementException: Cannot locate an element using By.className: el-message__content
For documentation on this error, please visit: http://seleniumhq.org/exceptions/no_such_element.html
Build info: version: '3.1.0', revision: 'b94c902', time: '2017-02-16 12:21:31 -0800'
System info: host: 'NXL75620', ip: '192.168.0.150', os.name: 'Windows 10', os.arch: 'amd64', os.version: '10.0', java.version: '1.8.0_181'
Driver info: driver.version: unknown
	at org.openqa.selenium.support.ui.ExpectedConditions.lambda$findElement$0(ExpectedConditions.java:896)
	at java.util.Optional.orElseThrow(Optional.java:290)
	at org.openqa.selenium.support.ui.ExpectedConditions.findElement(ExpectedConditions.java:895)
	at org.openqa.selenium.support.ui.ExpectedConditions.access$000(ExpectedConditions.java:41)
	at org.openqa.selenium.support.ui.ExpectedConditions$6.apply(ExpectedConditions.java:181)
	at org.openqa.selenium.support.ui.ExpectedConditions$6.apply(ExpectedConditions.java:178)
	at org.openqa.selenium.support.ui.FluentWait.until(FluentWait.java:234)
	... 27 more
]]>
            </full-stacktrace>
          </exception> <!-- org.openqa.selenium.TimeoutException -->
          <reporter-output>
          </reporter-output>
        </test-method> <!-- testInactiveDevice -->
        <test-method status="PASS" signature="afterMethod()[pri:0, instance:com.nxp.EdgeScale.testcase.Device@335eadca]" name="afterMethod" is-config="true" duration-ms="6458" started-at="2018-09-04T15:30:15Z" finished-at="2018-09-04T15:30:21Z">
          <reporter-output>
          </reporter-output>
        </test-method> <!-- afterMethod -->
        <test-method status="PASS" signature="testActiveDevice()[pri:3, instance:com.nxp.EdgeScale.testcase.Device@335eadca]" name="testActiveDevice" duration-ms="7340" started-at="2018-09-04T15:30:21Z" finished-at="2018-09-04T15:30:29Z">
          <reporter-output>
          </reporter-output>
        </test-method> <!-- testActiveDevice -->
        <test-method status="PASS" signature="afterMethod()[pri:0, instance:com.nxp.EdgeScale.testcase.Device@335eadca]" name="afterMethod" is-config="true" duration-ms="6330" started-at="2018-09-04T15:30:29Z" finished-at="2018-09-04T15:30:35Z">
          <reporter-output>
          </reporter-output>
        </test-method> <!-- afterMethod -->
        <test-method status="PASS" signature="testBindTag()[pri:4, instance:com.nxp.EdgeScale.testcase.Device@335eadca]" name="testBindTag" duration-ms="8458" started-at="2018-09-04T15:30:35Z" finished-at="2018-09-04T15:30:44Z">
          <reporter-output>
          </reporter-output>
        </test-method> <!-- testBindTag -->
        <test-method status="PASS" signature="afterMethod()[pri:0, instance:com.nxp.EdgeScale.testcase.Device@335eadca]" name="afterMethod" is-config="true" duration-ms="6187" started-at="2018-09-04T15:30:44Z" finished-at="2018-09-04T15:30:50Z">
          <reporter-output>
          </reporter-output>
        </test-method> <!-- afterMethod -->
        <test-method status="PASS" signature="testDeleteDevice()[pri:5, instance:com.nxp.EdgeScale.testcase.Device@335eadca]" name="testDeleteDevice" duration-ms="4529" started-at="2018-09-04T15:30:50Z" finished-at="2018-09-04T15:30:54Z">
          <reporter-output>
          </reporter-output>
        </test-method> <!-- testDeleteDevice -->
        <test-method status="PASS" signature="close()[pri:0, instance:com.nxp.EdgeScale.testcase.Device@335eadca]" name="close" is-config="true" duration-ms="360" started-at="2018-09-04T15:30:54Z" finished-at="2018-09-04T15:30:55Z">
          <reporter-output>
          </reporter-output>
        </test-method> <!-- close -->
      </class> <!-- com.nxp.EdgeScale.testcase.Device -->
      <class name="com.nxp.EdgeScale.testcase.CreateDevice">
        <test-method status="PASS" signature="init()[pri:0, instance:com.nxp.EdgeScale.testcase.CreateDevice@67784306]" name="init" is-config="true" duration-ms="9479" started-at="2018-09-04T15:21:06Z" finished-at="2018-09-04T15:21:16Z">
          <reporter-output>
          </reporter-output>
        </test-method> <!-- init -->
        <test-method status="PASS" signature="testCreateDevice()[pri:0, instance:com.nxp.EdgeScale.testcase.CreateDevice@67784306]" name="testCreateDevice" duration-ms="10988" started-at="2018-09-04T15:21:16Z" finished-at="2018-09-04T15:21:27Z">
          <reporter-output>
          </reporter-output>
        </test-method> <!-- testCreateDevice -->
        <test-method status="PASS" signature="close()[pri:0, instance:com.nxp.EdgeScale.testcase.CreateDevice@67784306]" name="close" is-config="true" duration-ms="177" started-at="2018-09-04T15:21:27Z" finished-at="2018-09-04T15:21:27Z">
          <reporter-output>
          </reporter-output>
        </test-method> <!-- close -->
      </class> <!-- com.nxp.EdgeScale.testcase.CreateDevice -->
      <class name="com.nxp.EdgeScale.testcase.CreateModel">
        <test-method status="PASS" signature="init()[pri:0, instance:com.nxp.EdgeScale.testcase.CreateModel@57536d79]" name="init" is-config="true" duration-ms="12600" started-at="2018-09-04T15:27:13Z" finished-at="2018-09-04T15:27:26Z">
          <reporter-output>
          </reporter-output>
        </test-method> <!-- init -->
        <test-method status="PASS" signature="testCreateModel()[pri:0, instance:com.nxp.EdgeScale.testcase.CreateModel@57536d79]" name="testCreateModel" duration-ms="14968" started-at="2018-09-04T15:27:26Z" finished-at="2018-09-04T15:27:41Z">
          <reporter-output>
          </reporter-output>
        </test-method> <!-- testCreateModel -->
        <test-method status="PASS" signature="close()[pri:0, instance:com.nxp.EdgeScale.testcase.CreateModel@57536d79]" name="close" is-config="true" duration-ms="188" started-at="2018-09-04T15:27:41Z" finished-at="2018-09-04T15:27:41Z">
          <reporter-output>
          </reporter-output>
        </test-method> <!-- close -->
      </class> <!-- com.nxp.EdgeScale.testcase.CreateModel -->
      <class name="com.nxp.EdgeScale.testcase.CreateSolution">
        <test-method status="PASS" signature="init()[pri:0, instance:com.nxp.EdgeScale.testcase.CreateSolution@2b2948e2]" name="init" is-config="true" duration-ms="12537" started-at="2018-09-04T15:25:09Z" finished-at="2018-09-04T15:25:22Z">
          <reporter-output>
          </reporter-output>
        </test-method> <!-- init -->
        <test-method status="FAIL" signature="testCreateSolution()[pri:0, instance:com.nxp.EdgeScale.testcase.CreateSolution@2b2948e2]" name="testCreateSolution" duration-ms="20745" started-at="2018-09-04T15:25:22Z" finished-at="2018-09-04T15:25:42Z">
          <exception class="org.openqa.selenium.NoSuchElementException">
            <message>
              <![CDATA[no such element: Unable to locate element: {"method":"xpath","selector":"//*[@id="app"]/div/div[2]/div/div[2]/div[2]/div[1]/div/div/div[2]/form/div[2]/div/button[3]/span"}
  (Session info: chrome=68.0.3440.106)
  (Driver info: chromedriver=2.40.565498 (ea082db3280dd6843ebfb08a625e3eb905c4f5ab),platform=Windows NT 10.0.15063 x86_64) (WARNING: The server did not provide any stacktrace information)
Command duration or timeout: 10.08 seconds
For documentation on this error, please visit: http://seleniumhq.org/exceptions/no_such_element.html
Build info: version: '3.1.0', revision: 'b94c902', time: '2017-02-16 12:21:31 -0800'
System info: host: 'NXL75620', ip: '192.168.0.150', os.name: 'Windows 10', os.arch: 'amd64', os.version: '10.0', java.version: '1.8.0_181'
Driver info: org.openqa.selenium.chrome.ChromeDriver
Capabilities [{applicationCacheEnabled=false, rotatable=false, mobileEmulationEnabled=false, networkConnectionEnabled=false, chrome={chromedriverVersion=2.40.565498 (ea082db3280dd6843ebfb08a625e3eb905c4f5ab), userDataDir=C:\Users\nxf46859\AppData\Local\Temp\1\scoped_dir5552_17098}, takesHeapSnapshot=true, pageLoadStrategy=normal, databaseEnabled=false, handlesAlerts=true, hasTouchScreen=false, version=68.0.3440.106, platform=XP, browserConnectionEnabled=false, nativeEvents=true, acceptSslCerts=false, acceptInsecureCerts=false, locationContextEnabled=true, webStorageEnabled=true, browserName=chrome, takesScreenshot=true, javascriptEnabled=true, cssSelectorsEnabled=true, setWindowRect=true, unexpectedAlertBehaviour=}]
Session ID: ff25db1d7cb78d96145b58f9621e15de
*** Element info: {Using=xpath, value=//*[@id="app"]/div/div[2]/div/div[2]/div[2]/div[1]/div/div/div[2]/form/div[2]/div/button[3]/span}]]>
            </message>
            <full-stacktrace>
              <![CDATA[org.openqa.selenium.NoSuchElementException: no such element: Unable to locate element: {"method":"xpath","selector":"//*[@id="app"]/div/div[2]/div/div[2]/div[2]/div[1]/div/div/div[2]/form/div[2]/div/button[3]/span"}
  (Session info: chrome=68.0.3440.106)
  (Driver info: chromedriver=2.40.565498 (ea082db3280dd6843ebfb08a625e3eb905c4f5ab),platform=Windows NT 10.0.15063 x86_64) (WARNING: The server did not provide any stacktrace information)
Command duration or timeout: 10.08 seconds
For documentation on this error, please visit: http://seleniumhq.org/exceptions/no_such_element.html
Build info: version: '3.1.0', revision: 'b94c902', time: '2017-02-16 12:21:31 -0800'
System info: host: 'NXL75620', ip: '192.168.0.150', os.name: 'Windows 10', os.arch: 'amd64', os.version: '10.0', java.version: '1.8.0_181'
Driver info: org.openqa.selenium.chrome.ChromeDriver
Capabilities [{applicationCacheEnabled=false, rotatable=false, mobileEmulationEnabled=false, networkConnectionEnabled=false, chrome={chromedriverVersion=2.40.565498 (ea082db3280dd6843ebfb08a625e3eb905c4f5ab), userDataDir=C:\Users\nxf46859\AppData\Local\Temp\1\scoped_dir5552_17098}, takesHeapSnapshot=true, pageLoadStrategy=normal, databaseEnabled=false, handlesAlerts=true, hasTouchScreen=false, version=68.0.3440.106, platform=XP, browserConnectionEnabled=false, nativeEvents=true, acceptSslCerts=false, acceptInsecureCerts=false, locationContextEnabled=true, webStorageEnabled=true, browserName=chrome, takesScreenshot=true, javascriptEnabled=true, cssSelectorsEnabled=true, setWindowRect=true, unexpectedAlertBehaviour=}]
Session ID: ff25db1d7cb78d96145b58f9621e15de
*** Element info: {Using=xpath, value=//*[@id="app"]/div/div[2]/div/div[2]/div[2]/div[1]/div/div/div[2]/form/div[2]/div/button[3]/span}
	at sun.reflect.NativeConstructorAccessorImpl.newInstance0(Native Method)
	at sun.reflect.NativeConstructorAccessorImpl.newInstance(NativeConstructorAccessorImpl.java:62)
	at sun.reflect.DelegatingConstructorAccessorImpl.newInstance(DelegatingConstructorAccessorImpl.java:45)
	at java.lang.reflect.Constructor.newInstance(Constructor.java:423)
	at org.openqa.selenium.remote.ErrorHandler.createThrowable(ErrorHandler.java:216)
	at org.openqa.selenium.remote.ErrorHandler.throwIfResponseFailed(ErrorHandler.java:168)
	at org.openqa.selenium.remote.RemoteWebDriver.execute(RemoteWebDriver.java:635)
	at org.openqa.selenium.remote.RemoteWebDriver.findElement(RemoteWebDriver.java:368)
	at org.openqa.selenium.remote.RemoteWebDriver.findElementByXPath(RemoteWebDriver.java:473)
	at org.openqa.selenium.By$ByXPath.findElement(By.java:361)
	at org.openqa.selenium.remote.RemoteWebDriver.findElement(RemoteWebDriver.java:360)
	at com.nxp.EdgeScale.base.DriverBase.findElement(DriverBase.java:42)
	at com.nxp.EdgeScale.base.BasePage.element(BasePage.java:23)
	at com.nxp.EdgeScale.page.CreateSolutionPage.getNext2Button(CreateSolutionPage.java:48)
	at com.nxp.EdgeScale.handle.CreateSolutionPageHandle.clickNext2Button(CreateSolutionPageHandle.java:42)
	at com.nxp.EdgeScale.business.CreateSolutionPagePro.createSolution(CreateSolutionPagePro.java:54)
	at com.nxp.EdgeScale.testcase.CreateSolution.testCreateSolution(CreateSolution.java:48)
	at sun.reflect.NativeMethodAccessorImpl.invoke0(Native Method)
	at sun.reflect.NativeMethodAccessorImpl.invoke(NativeMethodAccessorImpl.java:62)
	at sun.reflect.DelegatingMethodAccessorImpl.invoke(DelegatingMethodAccessorImpl.java:43)
	at java.lang.reflect.Method.invoke(Method.java:498)
	at org.testng.internal.MethodInvocationHelper.invokeMethod(MethodInvocationHelper.java:108)
	at org.testng.internal.Invoker.invokeMethod(Invoker.java:661)
	at org.testng.internal.Invoker.invokeTestMethod(Invoker.java:869)
	at org.testng.internal.Invoker.invokeTestMethods(Invoker.java:1193)
	at org.testng.internal.TestMethodWorker.invokeTestMethods(TestMethodWorker.java:126)
	at org.testng.internal.TestMethodWorker.run(TestMethodWorker.java:109)
	at org.testng.TestRunner.privateRun(TestRunner.java:744)
	at org.testng.TestRunner.run(TestRunner.java:602)
	at org.testng.SuiteRunner.runTest(SuiteRunner.java:380)
	at org.testng.SuiteRunner.runSequentially(SuiteRunner.java:375)
	at org.testng.SuiteRunner.privateRun(SuiteRunner.java:340)
	at org.testng.SuiteRunner.run(SuiteRunner.java:289)
	at org.testng.SuiteRunnerWorker.runSuite(SuiteRunnerWorker.java:52)
	at org.testng.SuiteRunnerWorker.run(SuiteRunnerWorker.java:86)
	at org.testng.TestNG.runSuitesSequentially(TestNG.java:1301)
	at org.testng.TestNG.runSuitesLocally(TestNG.java:1226)
	at org.testng.TestNG.runSuites(TestNG.java:1144)
	at org.testng.TestNG.run(TestNG.java:1115)
	at org.testng.remote.AbstractRemoteTestNG.run(AbstractRemoteTestNG.java:114)
	at org.testng.remote.RemoteTestNG.initAndRun(RemoteTestNG.java:251)
	at org.testng.remote.RemoteTestNG.main(RemoteTestNG.java:77)
]]>
            </full-stacktrace>
          </exception> <!-- org.openqa.selenium.NoSuchElementException -->
          <reporter-output>
          </reporter-output>
        </test-method> <!-- testCreateSolution -->
        <test-method status="PASS" signature="close()[pri:0, instance:com.nxp.EdgeScale.testcase.CreateSolution@2b2948e2]" name="close" is-config="true" duration-ms="224" started-at="2018-09-04T15:25:43Z" finished-at="2018-09-04T15:25:43Z">
          <reporter-output>
          </reporter-output>
        </test-method> <!-- close -->
      </class> <!-- com.nxp.EdgeScale.testcase.CreateSolution -->
      <class name="com.nxp.EdgeScale.testcase.CreateApp">
        <test-method status="PASS" signature="init()[pri:0, instance:com.nxp.EdgeScale.testcase.CreateApp@210366b4]" name="init" is-config="true" duration-ms="13365" started-at="2018-09-04T15:21:46Z" finished-at="2018-09-04T15:22:00Z">
          <reporter-output>
          </reporter-output>
        </test-method> <!-- init -->
        <test-method status="PASS" signature="testCreateDevice()[pri:0, instance:com.nxp.EdgeScale.testcase.CreateApp@210366b4]" name="testCreateDevice" duration-ms="20048" started-at="2018-09-04T15:22:00Z" finished-at="2018-09-04T15:22:20Z">
          <reporter-output>
          </reporter-output>
        </test-method> <!-- testCreateDevice -->
        <test-method status="PASS" signature="close()[pri:0, instance:com.nxp.EdgeScale.testcase.CreateApp@210366b4]" name="close" is-config="true" duration-ms="187" started-at="2018-09-04T15:22:20Z" finished-at="2018-09-04T15:22:20Z">
          <reporter-output>
          </reporter-output>
        </test-method> <!-- close -->
      </class> <!-- com.nxp.EdgeScale.testcase.CreateApp -->
      <class name="com.nxp.EdgeScale.testcase.Register">
        <test-method status="PASS" signature="init()[pri:0, instance:com.nxp.EdgeScale.testcase.Register@185d8b6]" name="init" is-config="true" duration-ms="2617" started-at="2018-09-04T15:20:57Z" finished-at="2018-09-04T15:20:59Z">
          <reporter-output>
          </reporter-output>
        </test-method> <!-- init -->
        <test-method status="PASS" signature="testRegisterWithExistEmail()[pri:0, instance:com.nxp.EdgeScale.testcase.Register@185d8b6]" name="testRegisterWithExistEmail" duration-ms="6628" started-at="2018-09-04T15:20:59Z" finished-at="2018-09-04T15:21:06Z">
          <reporter-output>
          </reporter-output>
        </test-method> <!-- testRegisterWithExistEmail -->
        <test-method status="PASS" signature="close()[pri:0, instance:com.nxp.EdgeScale.testcase.Register@185d8b6]" name="close" is-config="true" duration-ms="151" started-at="2018-09-04T15:21:06Z" finished-at="2018-09-04T15:21:06Z">
          <reporter-output>
          </reporter-output>
        </test-method> <!-- close -->
      </class> <!-- com.nxp.EdgeScale.testcase.Register -->
      <class name="com.nxp.EdgeScale.testcase.Solution">
        <test-method status="PASS" signature="init()[pri:0, instance:com.nxp.EdgeScale.testcase.Solution@6ddf90b0]" name="init" is-config="true" duration-ms="8653" started-at="2018-09-04T15:25:43Z" finished-at="2018-09-04T15:25:52Z">
          <reporter-output>
          </reporter-output>
        </test-method> <!-- init -->
        <test-method status="PASS" signature="afterMethod()[pri:0, instance:com.nxp.EdgeScale.testcase.Solution@6ddf90b0]" name="afterMethod" is-config="true" duration-ms="6911" started-at="2018-09-04T15:25:52Z" finished-at="2018-09-04T15:25:59Z">
          <reporter-output>
          </reporter-output>
        </test-method> <!-- afterMethod -->
        <test-method status="PASS" signature="testAddTag()[pri:0, instance:com.nxp.EdgeScale.testcase.Solution@6ddf90b0]" name="testAddTag" duration-ms="1956" started-at="2018-09-04T15:25:59Z" finished-at="2018-09-04T15:26:00Z">
          <reporter-output>
          </reporter-output>
        </test-method> <!-- testAddTag -->
        <test-method status="PASS" signature="afterMethod()[pri:0, instance:com.nxp.EdgeScale.testcase.Solution@6ddf90b0]" name="afterMethod" is-config="true" duration-ms="6290" started-at="2018-09-04T15:26:00Z" finished-at="2018-09-04T15:26:07Z">
          <reporter-output>
          </reporter-output>
        </test-method> <!-- afterMethod -->
        <test-method status="PASS" signature="testDeleteSolution()[pri:0, instance:com.nxp.EdgeScale.testcase.Solution@6ddf90b0]" name="testDeleteSolution" duration-ms="4213" started-at="2018-09-04T15:26:07Z" finished-at="2018-09-04T15:26:11Z">
          <reporter-output>
          </reporter-output>
        </test-method> <!-- testDeleteSolution -->
        <test-method status="PASS" signature="afterMethod()[pri:0, instance:com.nxp.EdgeScale.testcase.Solution@6ddf90b0]" name="afterMethod" is-config="true" duration-ms="6175" started-at="2018-09-04T15:26:11Z" finished-at="2018-09-04T15:26:17Z">
          <reporter-output>
          </reporter-output>
        </test-method> <!-- afterMethod -->
        <test-method status="FAIL" signature="testDeleteTag()[pri:0, instance:com.nxp.EdgeScale.testcase.Solution@6ddf90b0]" name="testDeleteTag" duration-ms="10072" started-at="2018-09-04T15:26:17Z" finished-at="2018-09-04T15:26:27Z">
          <exception class="org.openqa.selenium.NoSuchElementException">
            <message>
              <![CDATA[no such element: Unable to locate element: {"method":"xpath","selector":"//*[@id="app"]/div/div[2]/div/div[2]/div[2]/div[1]/div/div/div/div[2]/div/div[2]/div/div[1]/div/div[1]/div/div[3]/div/div[2]/span/span[1]/span/i"}
  (Session info: chrome=68.0.3440.106)
  (Driver info: chromedriver=2.40.565498 (ea082db3280dd6843ebfb08a625e3eb905c4f5ab),platform=Windows NT 10.0.15063 x86_64) (WARNING: The server did not provide any stacktrace information)
Command duration or timeout: 10.07 seconds
For documentation on this error, please visit: http://seleniumhq.org/exceptions/no_such_element.html
Build info: version: '3.1.0', revision: 'b94c902', time: '2017-02-16 12:21:31 -0800'
System info: host: 'NXL75620', ip: '192.168.0.150', os.name: 'Windows 10', os.arch: 'amd64', os.version: '10.0', java.version: '1.8.0_181'
Driver info: org.openqa.selenium.chrome.ChromeDriver
Capabilities [{applicationCacheEnabled=false, rotatable=false, mobileEmulationEnabled=false, networkConnectionEnabled=false, chrome={chromedriverVersion=2.40.565498 (ea082db3280dd6843ebfb08a625e3eb905c4f5ab), userDataDir=C:\Users\nxf46859\AppData\Local\Temp\1\scoped_dir13996_25676}, takesHeapSnapshot=true, pageLoadStrategy=normal, databaseEnabled=false, handlesAlerts=true, hasTouchScreen=false, version=68.0.3440.106, platform=XP, browserConnectionEnabled=false, nativeEvents=true, acceptSslCerts=false, acceptInsecureCerts=false, locationContextEnabled=true, webStorageEnabled=true, browserName=chrome, takesScreenshot=true, javascriptEnabled=true, cssSelectorsEnabled=true, setWindowRect=true, unexpectedAlertBehaviour=}]
Session ID: 58404d144df0a90e3e60c8125e0238fd
*** Element info: {Using=xpath, value=//*[@id="app"]/div/div[2]/div/div[2]/div[2]/div[1]/div/div/div/div[2]/div/div[2]/div/div[1]/div/div[1]/div/div[3]/div/div[2]/span/span[1]/span/i}]]>
            </message>
            <full-stacktrace>
              <![CDATA[org.openqa.selenium.NoSuchElementException: no such element: Unable to locate element: {"method":"xpath","selector":"//*[@id="app"]/div/div[2]/div/div[2]/div[2]/div[1]/div/div/div/div[2]/div/div[2]/div/div[1]/div/div[1]/div/div[3]/div/div[2]/span/span[1]/span/i"}
  (Session info: chrome=68.0.3440.106)
  (Driver info: chromedriver=2.40.565498 (ea082db3280dd6843ebfb08a625e3eb905c4f5ab),platform=Windows NT 10.0.15063 x86_64) (WARNING: The server did not provide any stacktrace information)
Command duration or timeout: 10.07 seconds
For documentation on this error, please visit: http://seleniumhq.org/exceptions/no_such_element.html
Build info: version: '3.1.0', revision: 'b94c902', time: '2017-02-16 12:21:31 -0800'
System info: host: 'NXL75620', ip: '192.168.0.150', os.name: 'Windows 10', os.arch: 'amd64', os.version: '10.0', java.version: '1.8.0_181'
Driver info: org.openqa.selenium.chrome.ChromeDriver
Capabilities [{applicationCacheEnabled=false, rotatable=false, mobileEmulationEnabled=false, networkConnectionEnabled=false, chrome={chromedriverVersion=2.40.565498 (ea082db3280dd6843ebfb08a625e3eb905c4f5ab), userDataDir=C:\Users\nxf46859\AppData\Local\Temp\1\scoped_dir13996_25676}, takesHeapSnapshot=true, pageLoadStrategy=normal, databaseEnabled=false, handlesAlerts=true, hasTouchScreen=false, version=68.0.3440.106, platform=XP, browserConnectionEnabled=false, nativeEvents=true, acceptSslCerts=false, acceptInsecureCerts=false, locationContextEnabled=true, webStorageEnabled=true, browserName=chrome, takesScreenshot=true, javascriptEnabled=true, cssSelectorsEnabled=true, setWindowRect=true, unexpectedAlertBehaviour=}]
Session ID: 58404d144df0a90e3e60c8125e0238fd
*** Element info: {Using=xpath, value=//*[@id="app"]/div/div[2]/div/div[2]/div[2]/div[1]/div/div/div/div[2]/div/div[2]/div/div[1]/div/div[1]/div/div[3]/div/div[2]/span/span[1]/span/i}
	at sun.reflect.NativeConstructorAccessorImpl.newInstance0(Native Method)
	at sun.reflect.NativeConstructorAccessorImpl.newInstance(NativeConstructorAccessorImpl.java:62)
	at sun.reflect.DelegatingConstructorAccessorImpl.newInstance(DelegatingConstructorAccessorImpl.java:45)
	at java.lang.reflect.Constructor.newInstance(Constructor.java:423)
	at org.openqa.selenium.remote.ErrorHandler.createThrowable(ErrorHandler.java:216)
	at org.openqa.selenium.remote.ErrorHandler.throwIfResponseFailed(ErrorHandler.java:168)
	at org.openqa.selenium.remote.RemoteWebDriver.execute(RemoteWebDriver.java:635)
	at org.openqa.selenium.remote.RemoteWebDriver.findElement(RemoteWebDriver.java:368)
	at org.openqa.selenium.remote.RemoteWebDriver.findElementByXPath(RemoteWebDriver.java:473)
	at org.openqa.selenium.By$ByXPath.findElement(By.java:361)
	at org.openqa.selenium.remote.RemoteWebDriver.findElement(RemoteWebDriver.java:360)
	at com.nxp.EdgeScale.base.DriverBase.findElement(DriverBase.java:42)
	at com.nxp.EdgeScale.base.BasePage.element(BasePage.java:23)
	at com.nxp.EdgeScale.page.SolutionPage.getDeleteTagButton(SolutionPage.java:42)
	at com.nxp.EdgeScale.handle.SolutionPageHandle.clickDeleteTagButton(SolutionPageHandle.java:41)
	at com.nxp.EdgeScale.business.SolutionPagePro.deleteTag(SolutionPagePro.java:40)
	at com.nxp.EdgeScale.testcase.Solution.testDeleteTag(Solution.java:60)
	at sun.reflect.NativeMethodAccessorImpl.invoke0(Native Method)
	at sun.reflect.NativeMethodAccessorImpl.invoke(NativeMethodAccessorImpl.java:62)
	at sun.reflect.DelegatingMethodAccessorImpl.invoke(DelegatingMethodAccessorImpl.java:43)
	at java.lang.reflect.Method.invoke(Method.java:498)
	at org.testng.internal.MethodInvocationHelper.invokeMethod(MethodInvocationHelper.java:108)
	at org.testng.internal.Invoker.invokeMethod(Invoker.java:661)
	at org.testng.internal.Invoker.invokeTestMethod(Invoker.java:869)
	at org.testng.internal.Invoker.invokeTestMethods(Invoker.java:1193)
	at org.testng.internal.TestMethodWorker.invokeTestMethods(TestMethodWorker.java:126)
	at org.testng.internal.TestMethodWorker.run(TestMethodWorker.java:109)
	at org.testng.TestRunner.privateRun(TestRunner.java:744)
	at org.testng.TestRunner.run(TestRunner.java:602)
	at org.testng.SuiteRunner.runTest(SuiteRunner.java:380)
	at org.testng.SuiteRunner.runSequentially(SuiteRunner.java:375)
	at org.testng.SuiteRunner.privateRun(SuiteRunner.java:340)
	at org.testng.SuiteRunner.run(SuiteRunner.java:289)
	at org.testng.SuiteRunnerWorker.runSuite(SuiteRunnerWorker.java:52)
	at org.testng.SuiteRunnerWorker.run(SuiteRunnerWorker.java:86)
	at org.testng.TestNG.runSuitesSequentially(TestNG.java:1301)
	at org.testng.TestNG.runSuitesLocally(TestNG.java:1226)
	at org.testng.TestNG.runSuites(TestNG.java:1144)
	at org.testng.TestNG.run(TestNG.java:1115)
	at org.testng.remote.AbstractRemoteTestNG.run(AbstractRemoteTestNG.java:114)
	at org.testng.remote.RemoteTestNG.initAndRun(RemoteTestNG.java:251)
	at org.testng.remote.RemoteTestNG.main(RemoteTestNG.java:77)
]]>
            </full-stacktrace>
          </exception> <!-- org.openqa.selenium.NoSuchElementException -->
          <reporter-output>
          </reporter-output>
        </test-method> <!-- testDeleteTag -->
        <test-method status="PASS" signature="afterMethod()[pri:0, instance:com.nxp.EdgeScale.testcase.Solution@6ddf90b0]" name="afterMethod" is-config="true" duration-ms="6286" started-at="2018-09-04T15:26:28Z" finished-at="2018-09-04T15:26:34Z">
          <reporter-output>
          </reporter-output>
        </test-method> <!-- afterMethod -->
        <test-method status="PASS" signature="testDeploySolution()[pri:0, instance:com.nxp.EdgeScale.testcase.Solution@6ddf90b0]" name="testDeploySolution" duration-ms="17318" started-at="2018-09-04T15:26:34Z" finished-at="2018-09-04T15:26:51Z">
          <reporter-output>
          </reporter-output>
        </test-method> <!-- testDeploySolution -->
        <test-method status="PASS" signature="afterMethod()[pri:0, instance:com.nxp.EdgeScale.testcase.Solution@6ddf90b0]" name="afterMethod" is-config="true" duration-ms="6350" started-at="2018-09-04T15:26:51Z" finished-at="2018-09-04T15:26:58Z">
          <reporter-output>
          </reporter-output>
        </test-method> <!-- afterMethod -->
        <test-method status="PASS" signature="testDownImage()[pri:0, instance:com.nxp.EdgeScale.testcase.Solution@6ddf90b0]" name="testDownImage" duration-ms="4640" started-at="2018-09-04T15:26:58Z" finished-at="2018-09-04T15:27:02Z">
          <reporter-output>
          </reporter-output>
        </test-method> <!-- testDownImage -->
        <test-method status="PASS" signature="afterMethod()[pri:0, instance:com.nxp.EdgeScale.testcase.Solution@6ddf90b0]" name="afterMethod" is-config="true" duration-ms="6163" started-at="2018-09-04T15:27:02Z" finished-at="2018-09-04T15:27:08Z">
          <reporter-output>
          </reporter-output>
        </test-method> <!-- afterMethod -->
        <test-method status="PASS" signature="testEditSolution()[pri:0, instance:com.nxp.EdgeScale.testcase.Solution@6ddf90b0]" name="testEditSolution" duration-ms="4212" started-at="2018-09-04T15:27:08Z" finished-at="2018-09-04T15:27:13Z">
          <reporter-output>
          </reporter-output>
        </test-method> <!-- testEditSolution -->
        <test-method status="PASS" signature="close()[pri:0, instance:com.nxp.EdgeScale.testcase.Solution@6ddf90b0]" name="close" is-config="true" duration-ms="233" started-at="2018-09-04T15:27:13Z" finished-at="2018-09-04T15:27:13Z">
          <reporter-output>
          </reporter-output>
        </test-method> <!-- close -->
      </class> <!-- com.nxp.EdgeScale.testcase.Solution -->
      <class name="com.nxp.EdgeScale.testcase.App">
        <test-method status="PASS" signature="init()[pri:0, instance:com.nxp.EdgeScale.testcase.App@eec5a4a]" name="init" is-config="true" duration-ms="9972" started-at="2018-09-04T15:22:20Z" finished-at="2018-09-04T15:22:30Z">
          <reporter-output>
          </reporter-output>
        </test-method> <!-- init -->
        <test-method status="PASS" signature="afterMethod()[pri:0, instance:com.nxp.EdgeScale.testcase.App@eec5a4a]" name="afterMethod" is-config="true" duration-ms="5839" started-at="2018-09-04T15:22:30Z" finished-at="2018-09-04T15:22:36Z">
          <reporter-output>
          </reporter-output>
        </test-method> <!-- afterMethod -->
        <test-method status="PASS" signature="testAppAddDocker()[pri:0, instance:com.nxp.EdgeScale.testcase.App@eec5a4a]" name="testAppAddDocker" duration-ms="21287" started-at="2018-09-04T15:22:36Z" finished-at="2018-09-04T15:22:57Z">
          <reporter-output>
          </reporter-output>
        </test-method> <!-- testAppAddDocker -->
        <test-method status="PASS" signature="afterMethod()[pri:0, instance:com.nxp.EdgeScale.testcase.App@eec5a4a]" name="afterMethod" is-config="true" duration-ms="6221" started-at="2018-09-04T15:22:57Z" finished-at="2018-09-04T15:23:03Z">
          <reporter-output>
          </reporter-output>
        </test-method> <!-- afterMethod -->
        <test-method status="PASS" signature="testAppMutipleDeploy()[pri:0, instance:com.nxp.EdgeScale.testcase.App@eec5a4a]" name="testAppMutipleDeploy" duration-ms="22968" started-at="2018-09-04T15:23:03Z" finished-at="2018-09-04T15:23:26Z">
          <reporter-output>
          </reporter-output>
        </test-method> <!-- testAppMutipleDeploy -->
        <test-method status="PASS" signature="afterMethod()[pri:0, instance:com.nxp.EdgeScale.testcase.App@eec5a4a]" name="afterMethod" is-config="true" duration-ms="6116" started-at="2018-09-04T15:23:26Z" finished-at="2018-09-04T15:23:32Z">
          <reporter-output>
          </reporter-output>
        </test-method> <!-- afterMethod -->
        <test-method status="PASS" signature="testChangeAppPermission()[pri:0, instance:com.nxp.EdgeScale.testcase.App@eec5a4a]" name="testChangeAppPermission" duration-ms="16673" started-at="2018-09-04T15:23:32Z" finished-at="2018-09-04T15:23:49Z">
          <reporter-output>
          </reporter-output>
        </test-method> <!-- testChangeAppPermission -->
        <test-method status="PASS" signature="afterMethod()[pri:0, instance:com.nxp.EdgeScale.testcase.App@eec5a4a]" name="afterMethod" is-config="true" duration-ms="6164" started-at="2018-09-04T15:23:49Z" finished-at="2018-09-04T15:23:55Z">
          <reporter-output>
          </reporter-output>
        </test-method> <!-- afterMethod -->
        <test-method status="PASS" signature="testDeleteApp()[pri:0, instance:com.nxp.EdgeScale.testcase.App@eec5a4a]" name="testDeleteApp" duration-ms="6199" started-at="2018-09-04T15:23:55Z" finished-at="2018-09-04T15:24:01Z">
          <reporter-output>
          </reporter-output>
        </test-method> <!-- testDeleteApp -->
        <test-method status="PASS" signature="afterMethod()[pri:0, instance:com.nxp.EdgeScale.testcase.App@eec5a4a]" name="afterMethod" is-config="true" duration-ms="6129" started-at="2018-09-04T15:24:01Z" finished-at="2018-09-04T15:24:07Z">
          <reporter-output>
          </reporter-output>
        </test-method> <!-- afterMethod -->
        <test-method status="PASS" signature="testDeployApp()[pri:0, instance:com.nxp.EdgeScale.testcase.App@eec5a4a]" name="testDeployApp" duration-ms="11198" started-at="2018-09-04T15:24:07Z" finished-at="2018-09-04T15:24:19Z">
          <reporter-output>
          </reporter-output>
        </test-method> <!-- testDeployApp -->
        <test-method status="PASS" signature="afterMethod()[pri:0, instance:com.nxp.EdgeScale.testcase.App@eec5a4a]" name="afterMethod" is-config="true" duration-ms="6148" started-at="2018-09-04T15:24:19Z" finished-at="2018-09-04T15:24:25Z">
          <reporter-output>
          </reporter-output>
        </test-method> <!-- afterMethod -->
        <test-method status="PASS" signature="testDeployPublicApp()[pri:0, instance:com.nxp.EdgeScale.testcase.App@eec5a4a]" name="testDeployPublicApp" duration-ms="6896" started-at="2018-09-04T15:24:25Z" finished-at="2018-09-04T15:24:32Z">
          <reporter-output>
          </reporter-output>
        </test-method> <!-- testDeployPublicApp -->
        <test-method status="PASS" signature="afterMethod()[pri:0, instance:com.nxp.EdgeScale.testcase.App@eec5a4a]" name="afterMethod" is-config="true" duration-ms="6039" started-at="2018-09-04T15:24:32Z" finished-at="2018-09-04T15:24:38Z">
          <reporter-output>
          </reporter-output>
        </test-method> <!-- afterMethod -->
        <test-method status="PASS" signature="testEditAppInfo()[pri:0, instance:com.nxp.EdgeScale.testcase.App@eec5a4a]" name="testEditAppInfo" duration-ms="17152" started-at="2018-09-04T15:24:38Z" finished-at="2018-09-04T15:24:55Z">
          <reporter-output>
          </reporter-output>
        </test-method> <!-- testEditAppInfo -->
        <test-method status="PASS" signature="afterMethod()[pri:0, instance:com.nxp.EdgeScale.testcase.App@eec5a4a]" name="afterMethod" is-config="true" duration-ms="6197" started-at="2018-09-04T15:24:55Z" finished-at="2018-09-04T15:25:01Z">
          <reporter-output>
          </reporter-output>
        </test-method> <!-- afterMethod -->
        <test-method status="PASS" signature="testUpdateAppDocument()[pri:0, instance:com.nxp.EdgeScale.testcase.App@eec5a4a]" name="testUpdateAppDocument" duration-ms="7700" started-at="2018-09-04T15:25:01Z" finished-at="2018-09-04T15:25:09Z">
          <reporter-output>
          </reporter-output>
        </test-method> <!-- testUpdateAppDocument -->
        <test-method status="PASS" signature="close()[pri:0, instance:com.nxp.EdgeScale.testcase.App@eec5a4a]" name="close" is-config="true" duration-ms="200" started-at="2018-09-04T15:25:09Z" finished-at="2018-09-04T15:25:09Z">
          <reporter-output>
          </reporter-output>
        </test-method> <!-- close -->
      </class> <!-- com.nxp.EdgeScale.testcase.App -->
    </test> <!-- Test -->
  </suite> <!-- Suite -->
</testng-results>
